2023-05-08 20:23:12 0 [Note] Starting MariaDB 10.4.28-MariaDB source revision c8f2e9a5c0ac5905f28b050b7df5a9ffd914b7e7 as process 4504
2023-05-08 20:23:12 0 [Note] InnoDB: Mutexes and rw_locks use Windows interlocked functions
2023-05-08 20:23:12 0 [Note] InnoDB: Uses event mutexes
2023-05-08 20:23:12 0 [Note] InnoDB: Compressed tables use zlib 1.2.12
2023-05-08 20:23:12 0 [Note] InnoDB: Number of pools: 1
2023-05-08 20:23:12 0 [Note] InnoDB: Using SSE2 crc32 instructions
2023-05-08 20:23:12 0 [Note] InnoDB: Initializing buffer pool, total size = 16M, instances = 1, chunk size = 16M
2023-05-08 20:23:12 0 [Note] InnoDB: Completed initialization of buffer pool
2023-05-08 20:23:12 0 [Note] InnoDB: Starting crash recovery from checkpoint LSN=300288
2023-05-08 20:23:13 0 [Note] InnoDB: 128 out of 128 rollback segments are active.
2023-05-08 20:23:13 0 [Note] InnoDB: Removed temporary tablespace data file: "ibtmp1"
2023-05-08 20:23:13 0 [Note] InnoDB: Creating shared tablespace for temporary tables
2023-05-08 20:23:13 0 [Note] InnoDB: Setting file 'C:\xampp_new\mysql\data\ibtmp1' size to 12 MB. Physically writing the file full; Please wait ...
2023-05-08 20:23:13 0 [Note] InnoDB: File 'C:\xampp_new\mysql\data\ibtmp1' size is now 12 MB.
2023-05-08 20:23:13 0 [Note] InnoDB: Waiting for purge to start
2023-05-08 20:23:13 0 [Note] InnoDB: 10.4.28 started; log sequence number 300297; transaction id 170
2023-05-08 20:23:13 0 [Note] InnoDB: Loading buffer pool(s) from C:\xampp_new\mysql\data\ib_buffer_pool
2023-05-08 20:23:13 0 [Note] Plugin 'FEEDBACK' is disabled.
2023-05-08 20:23:13 0 [Note] Server socket created on IP: '::'.
2023-05-08 20:23:13 0 [Note] InnoDB: Buffer pool(s) load completed at 230508 20:23:13
2023-05-08 20:23:13 0 [Note] Reading of all Master_info entries succeeded
2023-05-08 20:23:13 0 [Note] Added new Master_info '' to hash table
2023-05-08 20:23:13 0 [Note] C:\xampp_new\mysql\bin\mysqld.exe: ready for connections.
Version: '10.4.28-MariaDB'  socket: ''  port: 3306  mariadb.org binary distribution
2023-05-15 20:41:39 8 [Warning] Access denied for user 'nauta_sis'@'localhost' (using password: YES)
2023-05-15 20:42:18 9 [Warning] Access denied for user 'nautasof_sis'@'localhost' (using password: YES)
2023-05-15 20:43:47 10 [Warning] Access denied for user 'nautasof_sis'@'localhost' (using password: YES)
2023-05-15 20:55:07 11 [Warning] Access denied for user 'Nauta'@'localhost' (using password: YES)
2023-05-15 20:55:49 12 [Warning] Access denied for user 'Nauta'@'localhost' (using password: YES)
2023-05-15 20:58:24 13 [Warning] Access denied for user 'nautasof_sis'@'localhost' (using password: YES)
2023-05-15 20:58:38 14 [Warning] Access denied for user 'nautasof_sis'@'localhost' (using password: YES)
2023-05-31 15:47:43 0 [Note] Starting MariaDB 10.4.28-MariaDB source revision c8f2e9a5c0ac5905f28b050b7df5a9ffd914b7e7 as process 3288
2023-05-31 15:47:43 0 [Note] InnoDB: Mutexes and rw_locks use Windows interlocked functions
2023-05-31 15:47:43 0 [Note] InnoDB: Uses event mutexes
2023-05-31 15:47:43 0 [Note] InnoDB: Compressed tables use zlib 1.2.12
2023-05-31 15:47:43 0 [Note] InnoDB: Number of pools: 1
2023-05-31 15:47:43 0 [Note] InnoDB: Using SSE2 crc32 instructions
2023-05-31 15:47:43 0 [Note] InnoDB: Initializing buffer pool, total size = 16M, instances = 1, chunk size = 16M
2023-05-31 15:47:43 0 [Note] InnoDB: Completed initialization of buffer pool
2023-05-31 15:47:44 0 [Note] InnoDB: Starting crash recovery from checkpoint LSN=300306
2023-05-31 15:47:44 0 [Note] InnoDB: 128 out of 128 rollback segments are active.
2023-05-31 15:47:44 0 [Note] InnoDB: Removed temporary tablespace data file: "ibtmp1"
2023-05-31 15:47:44 0 [Note] InnoDB: Creating shared tablespace for temporary tables
2023-05-31 15:47:44 0 [Note] InnoDB: Setting file 'C:\xampp_new\mysql\data\ibtmp1' size to 12 MB. Physically writing the file full; Please wait ...
2023-05-31 15:47:44 0 [Note] InnoDB: File 'C:\xampp_new\mysql\data\ibtmp1' size is now 12 MB.
2023-05-31 15:47:44 0 [Note] InnoDB: Waiting for purge to start
2023-05-31 15:47:44 0 [Note] InnoDB: Waiting for purge to start
2023-05-31 15:47:44 0 [Note] InnoDB: 10.4.28 started; log sequence number 300315; transaction id 170
2023-05-31 15:47:44 0 [Note] InnoDB: Loading buffer pool(s) from C:\xampp_new\mysql\data\ib_buffer_pool
2023-05-31 15:47:44 0 [Note] Plugin 'FEEDBACK' is disabled.
2023-05-31 15:47:45 0 [Note] InnoDB: Buffer pool(s) load completed at 230531 15:47:45
2023-05-31 15:47:45 0 [Note] Server socket created on IP: '::'.
2023-05-31 15:47:46 0 [Note] Reading of all Master_info entries succeeded
2023-05-31 15:47:46 0 [Note] Added new Master_info '' to hash table
2023-05-31 15:47:46 0 [Note] C:\xampp_new\mysql\bin\mysqld.exe: ready for connections.
Version: '10.4.28-MariaDB'  socket: ''  port: 3306  mariadb.org binary distribution
2023-06-09  9:58:41 0 [Note] Starting MariaDB 10.4.28-MariaDB source revision c8f2e9a5c0ac5905f28b050b7df5a9ffd914b7e7 as process 3492
2023-06-09  9:58:41 0 [Note] InnoDB: Mutexes and rw_locks use Windows interlocked functions
2023-06-09  9:58:41 0 [Note] InnoDB: Uses event mutexes
2023-06-09  9:58:41 0 [Note] InnoDB: Compressed tables use zlib 1.2.12
2023-06-09  9:58:42 0 [Note] InnoDB: Number of pools: 1
2023-06-09  9:58:42 0 [Note] InnoDB: Using SSE2 crc32 instructions
2023-06-09  9:58:43 0 [Note] InnoDB: Initializing buffer pool, total size = 16M, instances = 1, chunk size = 16M
2023-06-09  9:58:43 0 [Note] InnoDB: Completed initialization of buffer pool
2023-06-09  9:58:43 0 [Note] InnoDB: Starting crash recovery from checkpoint LSN=300324
2023-06-09  9:58:43 0 [Note] InnoDB: 128 out of 128 rollback segments are active.
2023-06-09  9:58:43 0 [Note] InnoDB: Removed temporary tablespace data file: "ibtmp1"
2023-06-09  9:58:43 0 [Note] InnoDB: Creating shared tablespace for temporary tables
2023-06-09  9:58:43 0 [Note] InnoDB: Setting file 'C:\xampp_new\mysql\data\ibtmp1' size to 12 MB. Physically writing the file full; Please wait ...
2023-06-09  9:58:43 0 [Note] InnoDB: File 'C:\xampp_new\mysql\data\ibtmp1' size is now 12 MB.
2023-06-09  9:58:43 0 [Note] InnoDB: Waiting for purge to start
2023-06-09  9:58:43 0 [Note] InnoDB: 10.4.28 started; log sequence number 300333; transaction id 170
2023-06-09  9:58:44 0 [Note] InnoDB: Loading buffer pool(s) from C:\xampp_new\mysql\data\ib_buffer_pool
2023-06-09  9:58:44 0 [Note] InnoDB: Buffer pool(s) load completed at 230609  9:58:44
2023-06-09  9:58:44 0 [Note] Plugin 'FEEDBACK' is disabled.
2023-06-09  9:58:44 0 [Note] Server socket created on IP: '::'.
2023-06-09  9:58:45 0 [Note] Reading of all Master_info entries succeeded
2023-06-09  9:58:45 0 [Note] Added new Master_info '' to hash table
2023-06-09  9:58:45 0 [Note] C:\xampp_new\mysql\bin\mysqld.exe: ready for connections.
Version: '10.4.28-MariaDB'  socket: ''  port: 3306  mariadb.org binary distribution
2023-06-09 10:42:15 0 [Note] C:\xampp_new\mysql\bin\mysqld.exe (initiated by: unknown): Normal shutdown
2023-06-09 10:42:15 0 [Note] Event Scheduler: Purging the queue. 0 events
2023-06-09 10:42:15 0 [Note] InnoDB: FTS optimize thread exiting.
2023-06-09 10:42:16 0 [Note] InnoDB: Starting shutdown...
2023-06-09 10:42:16 0 [Note] InnoDB: Dumping buffer pool(s) to C:\xampp_new\mysql\data\ib_buffer_pool
2023-06-09 10:42:16 0 [Note] InnoDB: Instance 0, restricted to 250 pages due to innodb_buf_pool_dump_pct=25
2023-06-09 10:42:16 0 [Note] InnoDB: Buffer pool(s) dump completed at 230609 10:42:16
2023-06-09 10:42:18 0 [Note] InnoDB: Removed temporary tablespace data file: "ibtmp1"
2023-06-09 10:42:18 0 [Note] InnoDB: Shutdown completed; log sequence number 300351; transaction id 171
2023-06-09 10:42:18 0 [Note] C:\xampp_new\mysql\bin\mysqld.exe: Shutdown complete

2023-06-09 10:43:29 0 [Note] Starting MariaDB 10.4.28-MariaDB source revision c8f2e9a5c0ac5905f28b050b7df5a9ffd914b7e7 as process 2076
2023-06-09 10:43:29 0 [Note] InnoDB: Mutexes and rw_locks use Windows interlocked functions
2023-06-09 10:43:29 0 [Note] InnoDB: Uses event mutexes
2023-06-09 10:43:29 0 [Note] InnoDB: Compressed tables use zlib 1.2.12
2023-06-09 10:43:29 0 [Note] InnoDB: Number of pools: 1
2023-06-09 10:43:29 0 [Note] InnoDB: Using SSE2 crc32 instructions
2023-06-09 10:43:29 0 [Note] InnoDB: Initializing buffer pool, total size = 16M, instances = 1, chunk size = 16M
2023-06-09 10:43:29 0 [Note] InnoDB: Completed initialization of buffer pool
2023-06-09 10:43:30 0 [Note] InnoDB: 128 out of 128 rollback segments are active.
2023-06-09 10:43:30 0 [Note] InnoDB: Creating shared tablespace for temporary tables
2023-06-09 10:43:30 0 [Note] InnoDB: Setting file 'C:\xampp_new\mysql\data\ibtmp1' size to 12 MB. Physically writing the file full; Please wait ...
2023-06-09 10:43:30 0 [Note] InnoDB: File 'C:\xampp_new\mysql\data\ibtmp1' size is now 12 MB.
2023-06-09 10:43:30 0 [Note] InnoDB: Waiting for purge to start
2023-06-09 10:43:30 0 [Note] InnoDB: 10.4.28 started; log sequence number 300351; transaction id 170
2023-06-09 10:43:30 0 [Note] InnoDB: Loading buffer pool(s) from C:\xampp_new\mysql\data\ib_buffer_pool
2023-06-09 10:43:30 0 [Note] Plugin 'FEEDBACK' is disabled.
2023-06-09 10:43:30 0 [Note] InnoDB: Buffer pool(s) load completed at 230609 10:43:30
2023-06-09 10:43:30 0 [Note] Server socket created on IP: '::'.
2023-06-09 10:43:31 0 [Note] Reading of all Master_info entries succeeded
2023-06-09 10:43:31 0 [Note] Added new Master_info '' to hash table
2023-06-09 10:43:31 0 [Note] C:\xampp_new\mysql\bin\mysqld.exe: ready for connections.
Version: '10.4.28-MariaDB'  socket: ''  port: 3306  mariadb.org binary distribution
2023-06-09 11:48:06 0 [Note] Starting MariaDB 10.4.28-MariaDB source revision c8f2e9a5c0ac5905f28b050b7df5a9ffd914b7e7 as process 3352
2023-06-09 11:48:07 0 [Note] InnoDB: Mutexes and rw_locks use Windows interlocked functions
2023-06-09 11:48:07 0 [Note] InnoDB: Uses event mutexes
2023-06-09 11:48:07 0 [Note] InnoDB: Compressed tables use zlib 1.2.12
2023-06-09 11:48:07 0 [Note] InnoDB: Number of pools: 1
2023-06-09 11:48:07 0 [Note] InnoDB: Using SSE2 crc32 instructions
2023-06-09 11:48:07 0 [Note] InnoDB: Initializing buffer pool, total size = 16M, instances = 1, chunk size = 16M
2023-06-09 11:48:07 0 [Note] InnoDB: Completed initialization of buffer pool
2023-06-09 11:48:07 0 [Note] InnoDB: Starting crash recovery from checkpoint LSN=300351
2023-06-09 11:48:08 0 [Note] InnoDB: 128 out of 128 rollback segments are active.
2023-06-09 11:48:08 0 [Note] InnoDB: Removed temporary tablespace data file: "ibtmp1"
2023-06-09 11:48:08 0 [Note] InnoDB: Creating shared tablespace for temporary tables
2023-06-09 11:48:08 0 [Note] InnoDB: Setting file 'C:\xampp_new\mysql\data\ibtmp1' size to 12 MB. Physically writing the file full; Please wait ...
2023-06-09 11:48:08 0 [Note] InnoDB: File 'C:\xampp_new\mysql\data\ibtmp1' size is now 12 MB.
2023-06-09 11:48:08 0 [Note] InnoDB: Waiting for purge to start
2023-06-09 11:48:08 0 [Note] InnoDB: 10.4.28 started; log sequence number 300360; transaction id 170
2023-06-09 11:48:08 0 [Note] InnoDB: Loading buffer pool(s) from C:\xampp_new\mysql\data\ib_buffer_pool
2023-06-09 11:48:08 0 [Note] Plugin 'FEEDBACK' is disabled.
2023-06-09 11:48:08 0 [Note] Server socket created on IP: '::'.
2023-06-09 11:48:08 0 [Note] InnoDB: Buffer pool(s) load completed at 230609 11:48:08
2023-06-09 11:48:09 0 [Note] Reading of all Master_info entries succeeded
2023-06-09 11:48:09 0 [Note] Added new Master_info '' to hash table
2023-06-09 11:48:09 0 [Note] C:\xampp_new\mysql\bin\mysqld.exe: ready for connections.
Version: '10.4.28-MariaDB'  socket: ''  port: 3306  mariadb.org binary distribution
2023-06-09 16:24:53 0 [Note] Starting MariaDB 10.4.28-MariaDB source revision c8f2e9a5c0ac5905f28b050b7df5a9ffd914b7e7 as process 3432
2023-06-09 16:24:54 0 [Note] InnoDB: Mutexes and rw_locks use Windows interlocked functions
2023-06-09 16:24:54 0 [Note] InnoDB: Uses event mutexes
2023-06-09 16:24:54 0 [Note] InnoDB: Compressed tables use zlib 1.2.12
2023-06-09 16:24:54 0 [Note] InnoDB: Number of pools: 1
2023-06-09 16:24:54 0 [Note] InnoDB: Using SSE2 crc32 instructions
2023-06-09 16:24:54 0 [Note] InnoDB: Initializing buffer pool, total size = 16M, instances = 1, chunk size = 16M
2023-06-09 16:24:54 0 [Note] InnoDB: Completed initialization of buffer pool
2023-06-09 16:24:54 0 [Note] InnoDB: Starting crash recovery from checkpoint LSN=300369
2023-06-09 16:24:55 0 [Note] InnoDB: 128 out of 128 rollback segments are active.
2023-06-09 16:24:55 0 [Note] InnoDB: Removed temporary tablespace data file: "ibtmp1"
2023-06-09 16:24:55 0 [Note] InnoDB: Creating shared tablespace for temporary tables
2023-06-09 16:24:55 0 [Note] InnoDB: Setting file 'C:\xampp_new\mysql\data\ibtmp1' size to 12 MB. Physically writing the file full; Please wait ...
2023-06-09 16:24:55 0 [Note] InnoDB: File 'C:\xampp_new\mysql\data\ibtmp1' size is now 12 MB.
2023-06-09 16:24:55 0 [Note] InnoDB: Waiting for purge to start
2023-06-09 16:24:55 0 [Note] InnoDB: Waiting for purge to start
2023-06-09 16:24:55 0 [Note] InnoDB: 10.4.28 started; log sequence number 300378; transaction id 170
2023-06-09 16:24:55 0 [Note] InnoDB: Loading buffer pool(s) from C:\xampp_new\mysql\data\ib_buffer_pool
2023-06-09 16:24:55 0 [Note] Plugin 'FEEDBACK' is disabled.
2023-06-09 16:24:55 0 [Note] InnoDB: Buffer pool(s) load completed at 230609 16:24:55
2023-06-09 16:24:55 0 [Note] Server socket created on IP: '::'.
2023-06-09 16:24:56 0 [Note] Reading of all Master_info entries succeeded
2023-06-09 16:24:56 0 [Note] Added new Master_info '' to hash table
2023-06-09 16:24:56 0 [Note] C:\xampp_new\mysql\bin\mysqld.exe: ready for connections.
Version: '10.4.28-MariaDB'  socket: ''  port: 3306  mariadb.org binary distribution
2023-06-09 16:41:14 0 [Note] Starting MariaDB 10.4.28-MariaDB source revision c8f2e9a5c0ac5905f28b050b7df5a9ffd914b7e7 as process 3408
2023-06-09 16:41:15 0 [Note] InnoDB: Mutexes and rw_locks use Windows interlocked functions
2023-06-09 16:41:15 0 [Note] InnoDB: Uses event mutexes
2023-06-09 16:41:15 0 [Note] InnoDB: Compressed tables use zlib 1.2.12
2023-06-09 16:41:15 0 [Note] InnoDB: Number of pools: 1
2023-06-09 16:41:15 0 [Note] InnoDB: Using SSE2 crc32 instructions
2023-06-09 16:41:15 0 [Note] InnoDB: Initializing buffer pool, total size = 16M, instances = 1, chunk size = 16M
2023-06-09 16:41:15 0 [Note] InnoDB: Completed initialization of buffer pool
2023-06-09 16:41:15 0 [Note] InnoDB: Starting crash recovery from checkpoint LSN=300387
2023-06-09 16:41:16 0 [Note] InnoDB: 128 out of 128 rollback segments are active.
2023-06-09 16:41:16 0 [Note] InnoDB: Removed temporary tablespace data file: "ibtmp1"
2023-06-09 16:41:16 0 [Note] InnoDB: Creating shared tablespace for temporary tables
2023-06-09 16:41:16 0 [Note] InnoDB: Setting file 'C:\xampp_new\mysql\data\ibtmp1' size to 12 MB. Physically writing the file full; Please wait ...
2023-06-09 16:41:16 0 [Note] InnoDB: File 'C:\xampp_new\mysql\data\ibtmp1' size is now 12 MB.
2023-06-09 16:41:16 0 [Note] InnoDB: Waiting for purge to start
2023-06-09 16:41:16 0 [Note] InnoDB: Waiting for purge to start
2023-06-09 16:41:16 0 [Note] InnoDB: 10.4.28 started; log sequence number 300396; transaction id 170
2023-06-09 16:41:16 0 [Note] InnoDB: Loading buffer pool(s) from C:\xampp_new\mysql\data\ib_buffer_pool
2023-06-09 16:41:16 0 [Note] InnoDB: Buffer pool(s) load completed at 230609 16:41:16
2023-06-09 16:41:16 0 [Note] Plugin 'FEEDBACK' is disabled.
2023-06-09 16:41:17 0 [Note] Server socket created on IP: '::'.
2023-06-09 16:41:18 0 [Note] Reading of all Master_info entries succeeded
2023-06-09 16:41:18 0 [Note] Added new Master_info '' to hash table
2023-06-09 16:41:18 0 [Note] C:\xampp_new\mysql\bin\mysqld.exe: ready for connections.
Version: '10.4.28-MariaDB'  socket: ''  port: 3306  mariadb.org binary distribution
2023-06-09 16:50:38 0 [Note] Starting MariaDB 10.4.28-MariaDB source revision c8f2e9a5c0ac5905f28b050b7df5a9ffd914b7e7 as process 3476
2023-06-09 16:50:39 0 [Note] InnoDB: Mutexes and rw_locks use Windows interlocked functions
2023-06-09 16:50:39 0 [Note] InnoDB: Uses event mutexes
2023-06-09 16:50:39 0 [Note] InnoDB: Compressed tables use zlib 1.2.12
2023-06-09 16:50:39 0 [Note] InnoDB: Number of pools: 1
2023-06-09 16:50:39 0 [Note] InnoDB: Using SSE2 crc32 instructions
2023-06-09 16:50:39 0 [Note] InnoDB: Initializing buffer pool, total size = 16M, instances = 1, chunk size = 16M
2023-06-09 16:50:39 0 [Note] InnoDB: Completed initialization of buffer pool
2023-06-09 16:50:39 0 [Note] InnoDB: Starting crash recovery from checkpoint LSN=300405
2023-06-09 16:50:40 0 [Note] InnoDB: 128 out of 128 rollback segments are active.
2023-06-09 16:50:40 0 [Note] InnoDB: Removed temporary tablespace data file: "ibtmp1"
2023-06-09 16:50:40 0 [Note] InnoDB: Creating shared tablespace for temporary tables
2023-06-09 16:50:40 0 [Note] InnoDB: Setting file 'C:\xampp_new\mysql\data\ibtmp1' size to 12 MB. Physically writing the file full; Please wait ...
2023-06-09 16:50:40 0 [Note] InnoDB: File 'C:\xampp_new\mysql\data\ibtmp1' size is now 12 MB.
2023-06-09 16:50:40 0 [Note] InnoDB: Waiting for purge to start
2023-06-09 16:50:40 0 [Note] InnoDB: Waiting for purge to start
2023-06-09 16:50:40 0 [Note] InnoDB: 10.4.28 started; log sequence number 300414; transaction id 170
2023-06-09 16:50:40 0 [Note] InnoDB: Loading buffer pool(s) from C:\xampp_new\mysql\data\ib_buffer_pool
2023-06-09 16:50:40 0 [Note] Plugin 'FEEDBACK' is disabled.
2023-06-09 16:50:40 0 [Note] InnoDB: Buffer pool(s) load completed at 230609 16:50:40
2023-06-09 16:50:40 0 [Note] Server socket created on IP: '::'.
2023-06-09 16:50:41 0 [Note] Reading of all Master_info entries succeeded
2023-06-09 16:50:41 0 [Note] Added new Master_info '' to hash table
2023-06-09 16:50:41 0 [Note] C:\xampp_new\mysql\bin\mysqld.exe: ready for connections.
Version: '10.4.28-MariaDB'  socket: ''  port: 3306  mariadb.org binary distribution
2023-06-09 17:04:33 0 [Note] C:\xampp_new\mysql\bin\mysqld.exe (initiated by: unknown): Normal shutdown
2023-06-09 17:04:33 0 [Note] Event Scheduler: Purging the queue. 0 events
2023-06-09 17:04:33 0 [Note] InnoDB: FTS optimize thread exiting.
2023-06-09 17:04:33 0 [Note] InnoDB: Starting shutdown...
2023-06-09 17:04:33 0 [Note] InnoDB: Dumping buffer pool(s) to C:\xampp_new\mysql\data\ib_buffer_pool
2023-06-09 17:04:33 0 [Note] InnoDB: Instance 0, restricted to 250 pages due to innodb_buf_pool_dump_pct=25
2023-06-09 17:04:33 0 [Note] InnoDB: Buffer pool(s) dump completed at 230609 17:04:33
2023-06-09 17:04:34 0 [Note] InnoDB: Removed temporary tablespace data file: "ibtmp1"
2023-06-09 17:04:34 0 [Note] InnoDB: Shutdown completed; log sequence number 300432; transaction id 171
2023-06-09 17:04:34 0 [Note] C:\xampp_new\mysql\bin\mysqld.exe: Shutdown complete

2023-06-09 17:06:11 0 [Note] Starting MariaDB 10.4.28-MariaDB source revision c8f2e9a5c0ac5905f28b050b7df5a9ffd914b7e7 as process 3380
2023-06-09 17:06:12 0 [Note] InnoDB: Mutexes and rw_locks use Windows interlocked functions
2023-06-09 17:06:12 0 [Note] InnoDB: Uses event mutexes
2023-06-09 17:06:12 0 [Note] InnoDB: Compressed tables use zlib 1.2.12
2023-06-09 17:06:12 0 [Note] InnoDB: Number of pools: 1
2023-06-09 17:06:12 0 [Note] InnoDB: Using SSE2 crc32 instructions
2023-06-09 17:06:12 0 [Note] InnoDB: Initializing buffer pool, total size = 16M, instances = 1, chunk size = 16M
2023-06-09 17:06:12 0 [Note] InnoDB: Completed initialization of buffer pool
2023-06-09 17:06:13 0 [Note] InnoDB: 128 out of 128 rollback segments are active.
2023-06-09 17:06:13 0 [Note] InnoDB: Creating shared tablespace for temporary tables
2023-06-09 17:06:13 0 [Note] InnoDB: Setting file 'C:\xampp_new\mysql\data\ibtmp1' size to 12 MB. Physically writing the file full; Please wait ...
2023-06-09 17:06:13 0 [Note] InnoDB: File 'C:\xampp_new\mysql\data\ibtmp1' size is now 12 MB.
2023-06-09 17:06:13 0 [Note] InnoDB: Waiting for purge to start
2023-06-09 17:06:13 0 [Note] InnoDB: 10.4.28 started; log sequence number 300432; transaction id 170
2023-06-09 17:06:13 0 [Note] InnoDB: Loading buffer pool(s) from C:\xampp_new\mysql\data\ib_buffer_pool
2023-06-09 17:06:13 0 [Note] Plugin 'FEEDBACK' is disabled.
2023-06-09 17:06:13 0 [Note] InnoDB: Buffer pool(s) load completed at 230609 17:06:13
2023-06-09 17:06:13 0 [Note] Server socket created on IP: '::'.
2023-06-09 17:06:14 0 [Note] Reading of all Master_info entries succeeded
2023-06-09 17:06:14 0 [Note] Added new Master_info '' to hash table
2023-06-09 17:06:14 0 [Note] C:\xampp_new\mysql\bin\mysqld.exe: ready for connections.
Version: '10.4.28-MariaDB'  socket: ''  port: 3306  mariadb.org binary distribution
2023-06-09 17:15:35 0 [Note] Starting MariaDB 10.4.28-MariaDB source revision c8f2e9a5c0ac5905f28b050b7df5a9ffd914b7e7 as process 3376
2023-06-09 17:15:36 0 [Note] InnoDB: Mutexes and rw_locks use Windows interlocked functions
2023-06-09 17:15:36 0 [Note] InnoDB: Uses event mutexes
2023-06-09 17:15:36 0 [Note] InnoDB: Compressed tables use zlib 1.2.12
2023-06-09 17:15:36 0 [Note] InnoDB: Number of pools: 1
2023-06-09 17:15:36 0 [Note] InnoDB: Using SSE2 crc32 instructions
2023-06-09 17:15:36 0 [Note] InnoDB: Initializing buffer pool, total size = 16M, instances = 1, chunk size = 16M
2023-06-09 17:15:36 0 [Note] InnoDB: Completed initialization of buffer pool
2023-06-09 17:15:36 0 [Note] InnoDB: Starting crash recovery from checkpoint LSN=300432
2023-06-09 17:15:37 0 [Note] InnoDB: 128 out of 128 rollback segments are active.
2023-06-09 17:15:37 0 [Note] InnoDB: Removed temporary tablespace data file: "ibtmp1"
2023-06-09 17:15:37 0 [Note] InnoDB: Creating shared tablespace for temporary tables
2023-06-09 17:15:37 0 [Note] InnoDB: Setting file 'C:\xampp_new\mysql\data\ibtmp1' size to 12 MB. Physically writing the file full; Please wait ...
2023-06-09 17:15:37 0 [Note] InnoDB: File 'C:\xampp_new\mysql\data\ibtmp1' size is now 12 MB.
2023-06-09 17:15:37 0 [Note] InnoDB: Waiting for purge to start
2023-06-09 17:15:37 0 [Note] InnoDB: 10.4.28 started; log sequence number 300441; transaction id 170
2023-06-09 17:15:37 0 [Note] InnoDB: Loading buffer pool(s) from C:\xampp_new\mysql\data\ib_buffer_pool
2023-06-09 17:15:37 0 [Note] Plugin 'FEEDBACK' is disabled.
2023-06-09 17:15:37 0 [Note] InnoDB: Buffer pool(s) load completed at 230609 17:15:37
2023-06-09 17:15:37 0 [Note] Server socket created on IP: '::'.
2023-06-09 17:15:37 0 [Note] Reading of all Master_info entries succeeded
2023-06-09 17:15:37 0 [Note] Added new Master_info '' to hash table
2023-06-09 17:15:37 0 [Note] C:\xampp_new\mysql\bin\mysqld.exe: ready for connections.
Version: '10.4.28-MariaDB'  socket: ''  port: 3306  mariadb.org binary distribution
2023-06-09 17:57:26 0 [Note] Starting MariaDB 10.4.28-MariaDB source revision c8f2e9a5c0ac5905f28b050b7df5a9ffd914b7e7 as process 3328
2023-06-09 17:57:27 0 [Note] InnoDB: Mutexes and rw_locks use Windows interlocked functions
2023-06-09 17:57:27 0 [Note] InnoDB: Uses event mutexes
2023-06-09 17:57:27 0 [Note] InnoDB: Compressed tables use zlib 1.2.12
2023-06-09 17:57:27 0 [Note] InnoDB: Number of pools: 1
2023-06-09 17:57:27 0 [Note] InnoDB: Using SSE2 crc32 instructions
2023-06-09 17:57:27 0 [Note] InnoDB: Initializing buffer pool, total size = 16M, instances = 1, chunk size = 16M
2023-06-09 17:57:27 0 [Note] InnoDB: Completed initialization of buffer pool
2023-06-09 17:57:28 0 [Note] InnoDB: Starting crash recovery from checkpoint LSN=300450
2023-06-09 17:57:28 0 [Note] InnoDB: 128 out of 128 rollback segments are active.
2023-06-09 17:57:28 0 [Note] InnoDB: Removed temporary tablespace data file: "ibtmp1"
2023-06-09 17:57:28 0 [Note] InnoDB: Creating shared tablespace for temporary tables
2023-06-09 17:57:28 0 [Note] InnoDB: Setting file 'C:\xampp_new\mysql\data\ibtmp1' size to 12 MB. Physically writing the file full; Please wait ...
2023-06-09 17:57:28 0 [Note] InnoDB: File 'C:\xampp_new\mysql\data\ibtmp1' size is now 12 MB.
2023-06-09 17:57:28 0 [Note] InnoDB: Waiting for purge to start
2023-06-09 17:57:28 0 [Note] InnoDB: 10.4.28 started; log sequence number 300459; transaction id 170
2023-06-09 17:57:28 0 [Note] InnoDB: Loading buffer pool(s) from C:\xampp_new\mysql\data\ib_buffer_pool
2023-06-09 17:57:28 0 [Note] Plugin 'FEEDBACK' is disabled.
2023-06-09 17:57:29 0 [Note] InnoDB: Buffer pool(s) load completed at 230609 17:57:29
2023-06-09 17:57:29 0 [Note] Server socket created on IP: '::'.
2023-06-09 17:57:29 0 [Note] Reading of all Master_info entries succeeded
2023-06-09 17:57:29 0 [Note] Added new Master_info '' to hash table
2023-06-09 17:57:29 0 [Note] C:\xampp_new\mysql\bin\mysqld.exe: ready for connections.
Version: '10.4.28-MariaDB'  socket: ''  port: 3306  mariadb.org binary distribution
2023-06-09 18:39:49 0 [Note] C:\xampp_new\mysql\bin\mysqld.exe (initiated by: unknown): Normal shutdown
2023-06-09 18:39:49 0 [Note] Event Scheduler: Purging the queue. 0 events
2023-06-09 18:39:49 0 [Note] InnoDB: FTS optimize thread exiting.
2023-06-09 18:39:49 0 [Note] InnoDB: Starting shutdown...
2023-06-09 18:39:49 0 [Note] InnoDB: Dumping buffer pool(s) to C:\xampp_new\mysql\data\ib_buffer_pool
2023-06-09 18:39:49 0 [Note] InnoDB: Instance 0, restricted to 250 pages due to innodb_buf_pool_dump_pct=25
2023-06-09 18:39:49 0 [Note] InnoDB: Buffer pool(s) dump completed at 230609 18:39:49
2023-06-09 18:39:50 0 [Note] InnoDB: Removed temporary tablespace data file: "ibtmp1"
2023-06-09 18:39:50 0 [Note] InnoDB: Shutdown completed; log sequence number 300477; transaction id 171
2023-06-09 18:39:50 0 [Note] C:\xampp_new\mysql\bin\mysqld.exe: Shutdown complete

2023-06-09 18:40:39 0 [Note] Starting MariaDB 10.4.28-MariaDB source revision c8f2e9a5c0ac5905f28b050b7df5a9ffd914b7e7 as process 3400
2023-06-09 18:40:40 0 [Note] InnoDB: Mutexes and rw_locks use Windows interlocked functions
2023-06-09 18:40:40 0 [Note] InnoDB: Uses event mutexes
2023-06-09 18:40:40 0 [Note] InnoDB: Compressed tables use zlib 1.2.12
2023-06-09 18:40:40 0 [Note] InnoDB: Number of pools: 1
2023-06-09 18:40:40 0 [Note] InnoDB: Using SSE2 crc32 instructions
2023-06-09 18:40:40 0 [Note] InnoDB: Initializing buffer pool, total size = 16M, instances = 1, chunk size = 16M
2023-06-09 18:40:40 0 [Note] InnoDB: Completed initialization of buffer pool
2023-06-09 18:40:41 0 [Note] InnoDB: 128 out of 128 rollback segments are active.
2023-06-09 18:40:41 0 [Note] InnoDB: Creating shared tablespace for temporary tables
2023-06-09 18:40:41 0 [Note] InnoDB: Setting file 'C:\xampp_new\mysql\data\ibtmp1' size to 12 MB. Physically writing the file full; Please wait ...
2023-06-09 18:40:41 0 [Note] InnoDB: File 'C:\xampp_new\mysql\data\ibtmp1' size is now 12 MB.
2023-06-09 18:40:41 0 [Note] InnoDB: Waiting for purge to start
2023-06-09 18:40:41 0 [Note] InnoDB: Waiting for purge to start
2023-06-09 18:40:41 0 [Note] InnoDB: Waiting for purge to start
2023-06-09 18:40:41 0 [Note] InnoDB: Waiting for purge to start
2023-06-09 18:40:41 0 [Note] InnoDB: Waiting for purge to start
2023-06-09 18:40:41 0 [Note] InnoDB: Waiting for purge to start
2023-06-09 18:40:41 0 [Note] InnoDB: 10.4.28 started; log sequence number 300477; transaction id 170
2023-06-09 18:40:41 0 [Note] InnoDB: Loading buffer pool(s) from C:\xampp_new\mysql\data\ib_buffer_pool
2023-06-09 18:40:41 0 [Note] Plugin 'FEEDBACK' is disabled.
2023-06-09 18:40:41 0 [Note] InnoDB: Buffer pool(s) load completed at 230609 18:40:41
2023-06-09 18:40:42 0 [Note] Server socket created on IP: '::'.
2023-06-09 18:40:42 0 [Note] Reading of all Master_info entries succeeded
2023-06-09 18:40:42 0 [Note] Added new Master_info '' to hash table
2023-06-09 18:40:42 0 [Note] C:\xampp_new\mysql\bin\mysqld.exe: ready for connections.
Version: '10.4.28-MariaDB'  socket: ''  port: 3306  mariadb.org binary distribution
2023-06-12 15:22:01 0 [Note] C:\xampp_new\mysql\bin\mysqld.exe (initiated by: unknown): Normal shutdown
2023-06-12 15:22:01 0 [Note] Event Scheduler: Purging the queue. 0 events
2023-06-12 15:22:01 0 [Note] InnoDB: FTS optimize thread exiting.
2023-06-12 15:22:01 0 [Note] InnoDB: Starting shutdown...
2023-06-12 15:22:01 0 [Note] InnoDB: Dumping buffer pool(s) to C:\xampp_new\mysql\data\ib_buffer_pool
2023-06-12 15:22:01 0 [Note] InnoDB: Instance 0, restricted to 250 pages due to innodb_buf_pool_dump_pct=25
2023-06-12 15:22:01 0 [Note] InnoDB: Buffer pool(s) dump completed at 230612 15:22:01
2023-06-12 15:22:02 0 [Note] InnoDB: Removed temporary tablespace data file: "ibtmp1"
2023-06-12 15:22:02 0 [Note] InnoDB: Shutdown completed; log sequence number 300486; transaction id 171
2023-06-12 15:22:02 0 [Note] C:\xampp_new\mysql\bin\mysqld.exe: Shutdown complete

2023-06-12 15:22:53 0 [Note] Starting MariaDB 10.4.28-MariaDB source revision c8f2e9a5c0ac5905f28b050b7df5a9ffd914b7e7 as process 3408
2023-06-12 15:22:54 0 [Note] InnoDB: Mutexes and rw_locks use Windows interlocked functions
2023-06-12 15:22:54 0 [Note] InnoDB: Uses event mutexes
2023-06-12 15:22:54 0 [Note] InnoDB: Compressed tables use zlib 1.2.12
2023-06-12 15:22:54 0 [Note] InnoDB: Number of pools: 1
2023-06-12 15:22:54 0 [Note] InnoDB: Using SSE2 crc32 instructions
2023-06-12 15:22:54 0 [Note] InnoDB: Initializing buffer pool, total size = 16M, instances = 1, chunk size = 16M
2023-06-12 15:22:54 0 [Note] InnoDB: Completed initialization of buffer pool
2023-06-12 15:22:55 0 [Note] InnoDB: 128 out of 128 rollback segments are active.
2023-06-12 15:22:55 0 [Note] InnoDB: Creating shared tablespace for temporary tables
2023-06-12 15:22:55 0 [Note] InnoDB: Setting file 'C:\xampp_new\mysql\data\ibtmp1' size to 12 MB. Physically writing the file full; Please wait ...
2023-06-12 15:22:55 0 [Note] InnoDB: File 'C:\xampp_new\mysql\data\ibtmp1' size is now 12 MB.
2023-06-12 15:22:55 0 [Note] InnoDB: Waiting for purge to start
2023-06-12 15:22:55 0 [Note] InnoDB: Waiting for purge to start
2023-06-12 15:22:55 0 [Note] InnoDB: 10.4.28 started; log sequence number 300486; transaction id 170
2023-06-12 15:22:55 0 [Note] Plugin 'FEEDBACK' is disabled.
2023-06-12 15:22:55 0 [Note] InnoDB: Loading buffer pool(s) from C:\xampp_new\mysql\data\ib_buffer_pool
2023-06-12 15:22:55 0 [Note] InnoDB: Buffer pool(s) load completed at 230612 15:22:55
2023-06-12 15:22:56 0 [Note] Server socket created on IP: '::'.
2023-06-12 15:22:56 0 [Note] Reading of all Master_info entries succeeded
2023-06-12 15:22:56 0 [Note] Added new Master_info '' to hash table
2023-06-12 15:22:56 0 [Note] C:\xampp_new\mysql\bin\mysqld.exe: ready for connections.
Version: '10.4.28-MariaDB'  socket: ''  port: 3306  mariadb.org binary distribution
2023-06-12 17:57:49 0 [Note] C:\xampp_new\mysql\bin\mysqld.exe (initiated by: unknown): Normal shutdown
2023-06-12 17:57:49 0 [Note] Event Scheduler: Purging the queue. 0 events
2023-06-12 17:57:49 0 [Note] InnoDB: FTS optimize thread exiting.
2023-06-12 17:57:49 0 [Note] InnoDB: Starting shutdown...
2023-06-12 17:57:49 0 [Note] InnoDB: Dumping buffer pool(s) to C:\xampp_new\mysql\data\ib_buffer_pool
2023-06-12 17:57:49 0 [Note] InnoDB: Instance 0, restricted to 250 pages due to innodb_buf_pool_dump_pct=25
2023-06-12 17:57:49 0 [Note] InnoDB: Buffer pool(s) dump completed at 230612 17:57:49
2023-06-12 17:57:50 0 [Note] InnoDB: Removed temporary tablespace data file: "ibtmp1"
2023-06-12 17:57:50 0 [Note] InnoDB: Shutdown completed; log sequence number 300495; transaction id 171
2023-06-12 17:57:50 0 [Note] C:\xampp_new\mysql\bin\mysqld.exe: Shutdown complete

2023-06-12 17:58:38 0 [Note] Starting MariaDB 10.4.28-MariaDB source revision c8f2e9a5c0ac5905f28b050b7df5a9ffd914b7e7 as process 3172
2023-06-12 17:58:39 0 [Note] InnoDB: Mutexes and rw_locks use Windows interlocked functions
2023-06-12 17:58:39 0 [Note] InnoDB: Uses event mutexes
2023-06-12 17:58:39 0 [Note] InnoDB: Compressed tables use zlib 1.2.12
2023-06-12 17:58:39 0 [Note] InnoDB: Number of pools: 1
2023-06-12 17:58:39 0 [Note] InnoDB: Using SSE2 crc32 instructions
2023-06-12 17:58:39 0 [Note] InnoDB: Initializing buffer pool, total size = 16M, instances = 1, chunk size = 16M
2023-06-12 17:58:39 0 [Note] InnoDB: Completed initialization of buffer pool
2023-06-12 17:58:40 0 [Note] InnoDB: 128 out of 128 rollback segments are active.
2023-06-12 17:58:40 0 [Note] InnoDB: Creating shared tablespace for temporary tables
2023-06-12 17:58:40 0 [Note] InnoDB: Setting file 'C:\xampp_new\mysql\data\ibtmp1' size to 12 MB. Physically writing the file full; Please wait ...
2023-06-12 17:58:40 0 [Note] InnoDB: File 'C:\xampp_new\mysql\data\ibtmp1' size is now 12 MB.
2023-06-12 17:58:40 0 [Note] InnoDB: Waiting for purge to start
2023-06-12 17:58:40 0 [Note] InnoDB: Waiting for purge to start
2023-06-12 17:58:40 0 [Note] InnoDB: 10.4.28 started; log sequence number 300495; transaction id 170
2023-06-12 17:58:40 0 [Note] InnoDB: Loading buffer pool(s) from C:\xampp_new\mysql\data\ib_buffer_pool
2023-06-12 17:58:40 0 [Note] Plugin 'FEEDBACK' is disabled.
2023-06-12 17:58:40 0 [Note] InnoDB: Buffer pool(s) load completed at 230612 17:58:40
2023-06-12 17:58:41 0 [Note] Server socket created on IP: '::'.
2023-06-12 17:58:42 0 [Note] Reading of all Master_info entries succeeded
2023-06-12 17:58:42 0 [Note] Added new Master_info '' to hash table
2023-06-12 17:58:42 0 [Note] C:\xampp_new\mysql\bin\mysqld.exe: ready for connections.
Version: '10.4.28-MariaDB'  socket: ''  port: 3306  mariadb.org binary distribution
2023-06-13 11:01:45 0 [Note] C:\xampp_new\mysql\bin\mysqld.exe (initiated by: unknown): Normal shutdown
2023-06-13 11:01:45 0 [Note] Event Scheduler: Purging the queue. 0 events
2023-06-13 11:01:45 0 [Note] InnoDB: FTS optimize thread exiting.
2023-06-13 11:01:45 0 [Note] InnoDB: Starting shutdown...
2023-06-13 11:01:45 0 [Note] InnoDB: Dumping buffer pool(s) to C:\xampp_new\mysql\data\ib_buffer_pool
2023-06-13 11:01:45 0 [Note] InnoDB: Instance 0, restricted to 250 pages due to innodb_buf_pool_dump_pct=25
2023-06-13 11:01:45 0 [Note] InnoDB: Buffer pool(s) dump completed at 230613 11:01:45
2023-06-13 11:01:46 0 [Note] InnoDB: Removed temporary tablespace data file: "ibtmp1"
2023-06-13 11:01:46 0 [Note] InnoDB: Shutdown completed; log sequence number 300504; transaction id 171
2023-06-13 11:01:46 0 [Note] C:\xampp_new\mysql\bin\mysqld.exe: Shutdown complete

2023-06-13 11:02:35 0 [Note] Starting MariaDB 10.4.28-MariaDB source revision c8f2e9a5c0ac5905f28b050b7df5a9ffd914b7e7 as process 3444
2023-06-13 11:02:35 0 [Note] InnoDB: Mutexes and rw_locks use Windows interlocked functions
2023-06-13 11:02:35 0 [Note] InnoDB: Uses event mutexes
2023-06-13 11:02:35 0 [Note] InnoDB: Compressed tables use zlib 1.2.12
2023-06-13 11:02:35 0 [Note] InnoDB: Number of pools: 1
2023-06-13 11:02:35 0 [Note] InnoDB: Using SSE2 crc32 instructions
2023-06-13 11:02:36 0 [Note] InnoDB: Initializing buffer pool, total size = 16M, instances = 1, chunk size = 16M
2023-06-13 11:02:36 0 [Note] InnoDB: Completed initialization of buffer pool
2023-06-13 11:02:36 0 [Note] InnoDB: 128 out of 128 rollback segments are active.
2023-06-13 11:02:36 0 [Note] InnoDB: Creating shared tablespace for temporary tables
2023-06-13 11:02:36 0 [Note] InnoDB: Setting file 'C:\xampp_new\mysql\data\ibtmp1' size to 12 MB. Physically writing the file full; Please wait ...
2023-06-13 11:02:36 0 [Note] InnoDB: File 'C:\xampp_new\mysql\data\ibtmp1' size is now 12 MB.
2023-06-13 11:02:36 0 [Note] InnoDB: Waiting for purge to start
2023-06-13 11:02:36 0 [Note] InnoDB: Waiting for purge to start
2023-06-13 11:02:36 0 [Note] InnoDB: Waiting for purge to start
2023-06-13 11:02:36 0 [Note] InnoDB: 10.4.28 started; log sequence number 300504; transaction id 170
2023-06-13 11:02:37 0 [Note] InnoDB: Loading buffer pool(s) from C:\xampp_new\mysql\data\ib_buffer_pool
2023-06-13 11:02:37 0 [Note] InnoDB: Buffer pool(s) load completed at 230613 11:02:37
2023-06-13 11:02:37 0 [Note] Plugin 'FEEDBACK' is disabled.
2023-06-13 11:02:37 0 [Note] Server socket created on IP: '::'.
2023-06-13 11:02:37 0 [Note] Reading of all Master_info entries succeeded
2023-06-13 11:02:37 0 [Note] Added new Master_info '' to hash table
2023-06-13 11:02:37 0 [Note] C:\xampp_new\mysql\bin\mysqld.exe: ready for connections.
Version: '10.4.28-MariaDB'  socket: ''  port: 3306  mariadb.org binary distribution
2023-06-15  8:24:21 0 [Note] Starting MariaDB 10.4.28-MariaDB source revision c8f2e9a5c0ac5905f28b050b7df5a9ffd914b7e7 as process 3632
2023-06-15  8:24:22 0 [Note] InnoDB: Mutexes and rw_locks use Windows interlocked functions
2023-06-15  8:24:22 0 [Note] InnoDB: Uses event mutexes
2023-06-15  8:24:22 0 [Note] InnoDB: Compressed tables use zlib 1.2.12
2023-06-15  8:24:23 0 [Note] InnoDB: Number of pools: 1
2023-06-15  8:24:23 0 [Note] InnoDB: Using SSE2 crc32 instructions
2023-06-15  8:24:23 0 [Note] InnoDB: Initializing buffer pool, total size = 16M, instances = 1, chunk size = 16M
2023-06-15  8:24:23 0 [Note] InnoDB: Completed initialization of buffer pool
2023-06-15  8:24:23 0 [Note] InnoDB: Starting crash recovery from checkpoint LSN=300504
2023-06-15  8:24:24 0 [Note] InnoDB: 128 out of 128 rollback segments are active.
2023-06-15  8:24:24 0 [Note] InnoDB: Removed temporary tablespace data file: "ibtmp1"
2023-06-15  8:24:24 0 [Note] InnoDB: Creating shared tablespace for temporary tables
2023-06-15  8:24:24 0 [Note] InnoDB: Setting file 'C:\xampp_new\mysql\data\ibtmp1' size to 12 MB. Physically writing the file full; Please wait ...
2023-06-15  8:24:24 0 [Note] InnoDB: File 'C:\xampp_new\mysql\data\ibtmp1' size is now 12 MB.
2023-06-15  8:24:24 0 [Note] InnoDB: Waiting for purge to start
2023-06-15  8:24:24 0 [Note] InnoDB: 10.4.28 started; log sequence number 300513; transaction id 170
2023-06-15  8:24:24 0 [Note] Plugin 'FEEDBACK' is disabled.
2023-06-15  8:24:24 0 [Note] InnoDB: Loading buffer pool(s) from C:\xampp_new\mysql\data\ib_buffer_pool
2023-06-15  8:24:24 0 [Note] InnoDB: Buffer pool(s) load completed at 230615  8:24:24
2023-06-15  8:24:24 0 [Note] Server socket created on IP: '::'.
2023-06-15  8:24:25 0 [Note] Reading of all Master_info entries succeeded
2023-06-15  8:24:25 0 [Note] Added new Master_info '' to hash table
2023-06-15  8:24:25 0 [Note] C:\xampp_new\mysql\bin\mysqld.exe: ready for connections.
Version: '10.4.28-MariaDB'  socket: ''  port: 3306  mariadb.org binary distribution
2023-06-15  8:32:03 0 [Note] Starting MariaDB 10.4.28-MariaDB source revision c8f2e9a5c0ac5905f28b050b7df5a9ffd914b7e7 as process 3380
2023-06-15  8:32:04 0 [Note] InnoDB: Mutexes and rw_locks use Windows interlocked functions
2023-06-15  8:32:04 0 [Note] InnoDB: Uses event mutexes
2023-06-15  8:32:04 0 [Note] InnoDB: Compressed tables use zlib 1.2.12
2023-06-15  8:32:04 0 [Note] InnoDB: Number of pools: 1
2023-06-15  8:32:04 0 [Note] InnoDB: Using SSE2 crc32 instructions
2023-06-15  8:32:04 0 [Note] InnoDB: Initializing buffer pool, total size = 16M, instances = 1, chunk size = 16M
2023-06-15  8:32:04 0 [Note] InnoDB: Completed initialization of buffer pool
2023-06-15  8:32:04 0 [Note] InnoDB: Starting crash recovery from checkpoint LSN=300522
2023-06-15  8:32:05 0 [Note] InnoDB: 128 out of 128 rollback segments are active.
2023-06-15  8:32:05 0 [Note] InnoDB: Removed temporary tablespace data file: "ibtmp1"
2023-06-15  8:32:05 0 [Note] InnoDB: Creating shared tablespace for temporary tables
2023-06-15  8:32:05 0 [Note] InnoDB: Setting file 'C:\xampp_new\mysql\data\ibtmp1' size to 12 MB. Physically writing the file full; Please wait ...
2023-06-15  8:32:05 0 [Note] InnoDB: File 'C:\xampp_new\mysql\data\ibtmp1' size is now 12 MB.
2023-06-15  8:32:05 0 [Note] InnoDB: Waiting for purge to start
2023-06-15  8:32:05 0 [Note] InnoDB: 10.4.28 started; log sequence number 300531; transaction id 170
2023-06-15  8:32:05 0 [Note] Plugin 'FEEDBACK' is disabled.
2023-06-15  8:32:05 0 [Note] InnoDB: Loading buffer pool(s) from C:\xampp_new\mysql\data\ib_buffer_pool
2023-06-15  8:32:05 0 [Note] InnoDB: Buffer pool(s) load completed at 230615  8:32:05
2023-06-15  8:32:05 0 [Note] Server socket created on IP: '::'.
2023-06-15  8:32:06 0 [Note] Reading of all Master_info entries succeeded
2023-06-15  8:32:06 0 [Note] Added new Master_info '' to hash table
2023-06-15  8:32:06 0 [Note] C:\xampp_new\mysql\bin\mysqld.exe: ready for connections.
Version: '10.4.28-MariaDB'  socket: ''  port: 3306  mariadb.org binary distribution
2023-09-06 10:09:08 0 [Note] C:\xampp_new\mysql\bin\mysqld.exe (initiated by: unknown): Normal shutdown
2023-09-06 10:09:14 0 [Note] Event Scheduler: Purging the queue. 0 events
2023-09-06 10:09:15 0 [Note] InnoDB: FTS optimize thread exiting.
2023-09-06 10:09:21 0 [Note] InnoDB: Starting shutdown...
2023-09-06 10:09:21 0 [Note] InnoDB: Dumping buffer pool(s) to C:\xampp_new\mysql\data\ib_buffer_pool
2023-09-06 10:09:21 0 [Note] InnoDB: Instance 0, restricted to 250 pages due to innodb_buf_pool_dump_pct=25
2023-09-06 10:09:21 0 [Note] InnoDB: Buffer pool(s) dump completed at 230906 10:09:21
2023-09-06 10:09:48 0 [Note] InnoDB: Removed temporary tablespace data file: "ibtmp1"
2023-09-06 10:09:48 0 [Note] InnoDB: Shutdown completed; log sequence number 300565; transaction id 171
2023-09-06 10:09:50 0 [Note] C:\xampp_new\mysql\bin\mysqld.exe: Shutdown complete

2023-09-06 10:12:36 0 [Note] Starting MariaDB 10.4.28-MariaDB source revision c8f2e9a5c0ac5905f28b050b7df5a9ffd914b7e7 as process 3332
2023-09-06 10:12:37 0 [Note] InnoDB: Mutexes and rw_locks use Windows interlocked functions
2023-09-06 10:12:37 0 [Note] InnoDB: Uses event mutexes
2023-09-06 10:12:37 0 [Note] InnoDB: Compressed tables use zlib 1.2.12
2023-09-06 10:12:38 0 [Note] InnoDB: Number of pools: 1
2023-09-06 10:12:38 0 [Note] InnoDB: Using SSE2 crc32 instructions
2023-09-06 10:12:38 0 [Note] InnoDB: Initializing buffer pool, total size = 16M, instances = 1, chunk size = 16M
2023-09-06 10:12:38 0 [Note] InnoDB: Completed initialization of buffer pool
2023-09-06 10:12:40 0 [Note] InnoDB: 128 out of 128 rollback segments are active.
2023-09-06 10:12:40 0 [Note] InnoDB: Creating shared tablespace for temporary tables
2023-09-06 10:12:40 0 [Note] InnoDB: Setting file 'C:\xampp_new\mysql\data\ibtmp1' size to 12 MB. Physically writing the file full; Please wait ...
2023-09-06 10:12:40 0 [Note] InnoDB: File 'C:\xampp_new\mysql\data\ibtmp1' size is now 12 MB.
2023-09-06 10:12:40 0 [Note] InnoDB: Waiting for purge to start
2023-09-06 10:12:40 0 [Note] InnoDB: Waiting for purge to start
2023-09-06 10:12:40 0 [Note] InnoDB: Waiting for purge to start
2023-09-06 10:12:40 0 [Note] InnoDB: Waiting for purge to start
2023-09-06 10:12:40 0 [Note] InnoDB: Waiting for purge to start
2023-09-06 10:12:40 0 [Note] InnoDB: Waiting for purge to start
2023-09-06 10:12:40 0 [Note] InnoDB: Waiting for purge to start
2023-09-06 10:12:40 0 [Note] InnoDB: Waiting for purge to start
2023-09-06 10:12:40 0 [Note] InnoDB: Waiting for purge to start
2023-09-06 10:12:41 0 [Note] InnoDB: 10.4.28 started; log sequence number 300565; transaction id 170
2023-09-06 10:12:41 0 [Note] Plugin 'FEEDBACK' is disabled.
2023-09-06 10:12:41 0 [Note] InnoDB: Loading buffer pool(s) from C:\xampp_new\mysql\data\ib_buffer_pool
2023-09-06 10:12:41 0 [Note] InnoDB: Buffer pool(s) load completed at 230906 10:12:41
2023-09-06 10:12:41 0 [Note] Server socket created on IP: '::'.
2023-09-06 10:12:43 0 [Note] Reading of all Master_info entries succeeded
2023-09-06 10:12:43 0 [Note] Added new Master_info '' to hash table
2023-09-06 10:12:43 0 [Note] C:\xampp_new\mysql\bin\mysqld.exe: ready for connections.
Version: '10.4.28-MariaDB'  socket: ''  port: 3306  mariadb.org binary distribution
2023-09-06 11:45:15 0 [Note] Starting MariaDB 10.4.28-MariaDB source revision c8f2e9a5c0ac5905f28b050b7df5a9ffd914b7e7 as process 3444
2023-09-06 11:45:15 0 [Note] InnoDB: Mutexes and rw_locks use Windows interlocked functions
2023-09-06 11:45:15 0 [Note] InnoDB: Uses event mutexes
2023-09-06 11:45:15 0 [Note] InnoDB: Compressed tables use zlib 1.2.12
2023-09-06 11:45:15 0 [Note] InnoDB: Number of pools: 1
2023-09-06 11:45:16 0 [Note] InnoDB: Using SSE2 crc32 instructions
2023-09-06 11:45:16 0 [Note] InnoDB: Initializing buffer pool, total size = 16M, instances = 1, chunk size = 16M
2023-09-06 11:45:16 0 [Note] InnoDB: Completed initialization of buffer pool
2023-09-06 11:45:16 0 [Note] InnoDB: Starting crash recovery from checkpoint LSN=300565
2023-09-06 11:45:17 0 [Note] InnoDB: 128 out of 128 rollback segments are active.
2023-09-06 11:45:17 0 [Note] InnoDB: Removed temporary tablespace data file: "ibtmp1"
2023-09-06 11:45:17 0 [Note] InnoDB: Creating shared tablespace for temporary tables
2023-09-06 11:45:17 0 [Note] InnoDB: Setting file 'C:\xampp_new\mysql\data\ibtmp1' size to 12 MB. Physically writing the file full; Please wait ...
2023-09-06 11:45:17 0 [Note] InnoDB: File 'C:\xampp_new\mysql\data\ibtmp1' size is now 12 MB.
2023-09-06 11:45:17 0 [Note] InnoDB: Waiting for purge to start
2023-09-06 11:45:17 0 [Note] InnoDB: Waiting for purge to start
2023-09-06 11:45:17 0 [Note] InnoDB: 10.4.28 started; log sequence number 300574; transaction id 170
2023-09-06 11:45:17 0 [Note] Plugin 'FEEDBACK' is disabled.
2023-09-06 11:45:17 0 [Note] InnoDB: Loading buffer pool(s) from C:\xampp_new\mysql\data\ib_buffer_pool
2023-09-06 11:45:17 0 [Note] InnoDB: Buffer pool(s) load completed at 230906 11:45:17
2023-09-06 11:45:17 0 [Note] Server socket created on IP: '::'.
2023-09-06 11:45:18 0 [Note] Reading of all Master_info entries succeeded
2023-09-06 11:45:18 0 [Note] Added new Master_info '' to hash table
2023-09-06 11:45:18 0 [Note] C:\xampp_new\mysql\bin\mysqld.exe: ready for connections.
Version: '10.4.28-MariaDB'  socket: ''  port: 3306  mariadb.org binary distribution
2023-09-06 11:51:32 0 [Note] Starting MariaDB 10.4.28-MariaDB source revision c8f2e9a5c0ac5905f28b050b7df5a9ffd914b7e7 as process 3380
2023-09-06 11:51:32 0 [Note] InnoDB: Mutexes and rw_locks use Windows interlocked functions
2023-09-06 11:51:32 0 [Note] InnoDB: Uses event mutexes
2023-09-06 11:51:32 0 [Note] InnoDB: Compressed tables use zlib 1.2.12
2023-09-06 11:51:32 0 [Note] InnoDB: Number of pools: 1
2023-09-06 11:51:32 0 [Note] InnoDB: Using SSE2 crc32 instructions
2023-09-06 11:51:32 0 [Note] InnoDB: Initializing buffer pool, total size = 16M, instances = 1, chunk size = 16M
2023-09-06 11:51:32 0 [Note] InnoDB: Completed initialization of buffer pool
2023-09-06 11:51:32 0 [Note] InnoDB: Starting crash recovery from checkpoint LSN=300583
2023-09-06 11:51:33 0 [Note] InnoDB: 128 out of 128 rollback segments are active.
2023-09-06 11:51:33 0 [Note] InnoDB: Removed temporary tablespace data file: "ibtmp1"
2023-09-06 11:51:33 0 [Note] InnoDB: Creating shared tablespace for temporary tables
2023-09-06 11:51:33 0 [Note] InnoDB: Setting file 'C:\xampp_new\mysql\data\ibtmp1' size to 12 MB. Physically writing the file full; Please wait ...
2023-09-06 11:51:33 0 [Note] InnoDB: File 'C:\xampp_new\mysql\data\ibtmp1' size is now 12 MB.
2023-09-06 11:51:33 0 [Note] InnoDB: Waiting for purge to start
2023-09-06 11:51:33 0 [Note] InnoDB: Waiting for purge to start
2023-09-06 11:51:33 0 [Note] InnoDB: Waiting for purge to start
2023-09-06 11:51:33 0 [Note] InnoDB: 10.4.28 started; log sequence number 300592; transaction id 170
2023-09-06 11:51:33 0 [Note] InnoDB: Loading buffer pool(s) from C:\xampp_new\mysql\data\ib_buffer_pool
2023-09-06 11:51:33 0 [Note] Plugin 'FEEDBACK' is disabled.
2023-09-06 11:51:33 0 [Note] InnoDB: Buffer pool(s) load completed at 230906 11:51:33
2023-09-06 11:51:34 0 [Note] Server socket created on IP: '::'.
2023-09-06 11:51:34 0 [Note] Reading of all Master_info entries succeeded
2023-09-06 11:51:34 0 [Note] Added new Master_info '' to hash table
2023-09-06 11:51:34 0 [Note] C:\xampp_new\mysql\bin\mysqld.exe: ready for connections.
Version: '10.4.28-MariaDB'  socket: ''  port: 3306  mariadb.org binary distribution
2023-09-06 13:53:03 0 [Note] Starting MariaDB 10.4.28-MariaDB source revision c8f2e9a5c0ac5905f28b050b7df5a9ffd914b7e7 as process 3380
2023-09-06 13:53:04 0 [Note] InnoDB: Mutexes and rw_locks use Windows interlocked functions
2023-09-06 13:53:04 0 [Note] InnoDB: Uses event mutexes
2023-09-06 13:53:04 0 [Note] InnoDB: Compressed tables use zlib 1.2.12
2023-09-06 13:53:04 0 [Note] InnoDB: Number of pools: 1
2023-09-06 13:53:04 0 [Note] InnoDB: Using SSE2 crc32 instructions
2023-09-06 13:53:04 0 [Note] InnoDB: Initializing buffer pool, total size = 16M, instances = 1, chunk size = 16M
2023-09-06 13:53:04 0 [Note] InnoDB: Completed initialization of buffer pool
2023-09-06 13:53:04 0 [Note] InnoDB: Starting crash recovery from checkpoint LSN=300601
2023-09-06 13:53:05 0 [Note] InnoDB: 128 out of 128 rollback segments are active.
2023-09-06 13:53:05 0 [Note] InnoDB: Removed temporary tablespace data file: "ibtmp1"
2023-09-06 13:53:05 0 [Note] InnoDB: Creating shared tablespace for temporary tables
2023-09-06 13:53:05 0 [Note] InnoDB: Setting file 'C:\xampp_new\mysql\data\ibtmp1' size to 12 MB. Physically writing the file full; Please wait ...
2023-09-06 13:53:05 0 [Note] InnoDB: File 'C:\xampp_new\mysql\data\ibtmp1' size is now 12 MB.
2023-09-06 13:53:05 0 [Note] InnoDB: Waiting for purge to start
2023-09-06 13:53:05 0 [Note] InnoDB: 10.4.28 started; log sequence number 300610; transaction id 170
2023-09-06 13:53:05 0 [Note] InnoDB: Loading buffer pool(s) from C:\xampp_new\mysql\data\ib_buffer_pool
2023-09-06 13:53:05 0 [Note] InnoDB: Buffer pool(s) load completed at 230906 13:53:05
2023-09-06 13:53:05 0 [Note] Plugin 'FEEDBACK' is disabled.
2023-09-06 13:53:06 0 [Note] Server socket created on IP: '::'.
2023-09-06 13:53:07 0 [Note] Reading of all Master_info entries succeeded
2023-09-06 13:53:07 0 [Note] Added new Master_info '' to hash table
2023-09-06 13:53:07 0 [Note] C:\xampp_new\mysql\bin\mysqld.exe: ready for connections.
Version: '10.4.28-MariaDB'  socket: ''  port: 3306  mariadb.org binary distribution
2023-09-06 15:27:04 0 [Note] Starting MariaDB 10.4.28-MariaDB source revision c8f2e9a5c0ac5905f28b050b7df5a9ffd914b7e7 as process 3368
2023-09-06 15:27:05 0 [Note] InnoDB: Mutexes and rw_locks use Windows interlocked functions
2023-09-06 15:27:05 0 [Note] InnoDB: Uses event mutexes
2023-09-06 15:27:05 0 [Note] InnoDB: Compressed tables use zlib 1.2.12
2023-09-06 15:27:06 0 [Note] InnoDB: Number of pools: 1
2023-09-06 15:27:06 0 [Note] InnoDB: Using SSE2 crc32 instructions
2023-09-06 15:27:06 0 [Note] InnoDB: Initializing buffer pool, total size = 16M, instances = 1, chunk size = 16M
2023-09-06 15:27:06 0 [Note] InnoDB: Completed initialization of buffer pool
2023-09-06 15:27:06 0 [Note] InnoDB: Starting crash recovery from checkpoint LSN=300619
2023-09-06 15:27:06 0 [Note] InnoDB: 128 out of 128 rollback segments are active.
2023-09-06 15:27:06 0 [Note] InnoDB: Removed temporary tablespace data file: "ibtmp1"
2023-09-06 15:27:06 0 [Note] InnoDB: Creating shared tablespace for temporary tables
2023-09-06 15:27:06 0 [Note] InnoDB: Setting file 'C:\xampp_new\mysql\data\ibtmp1' size to 12 MB. Physically writing the file full; Please wait ...
2023-09-06 15:27:06 0 [Note] InnoDB: File 'C:\xampp_new\mysql\data\ibtmp1' size is now 12 MB.
2023-09-06 15:27:06 0 [Note] InnoDB: Waiting for purge to start
2023-09-06 15:27:06 0 [Note] InnoDB: Waiting for purge to start
2023-09-06 15:27:06 0 [Note] InnoDB: 10.4.28 started; log sequence number 300628; transaction id 170
2023-09-06 15:27:06 0 [Note] InnoDB: Loading buffer pool(s) from C:\xampp_new\mysql\data\ib_buffer_pool
2023-09-06 15:27:06 0 [Note] Plugin 'FEEDBACK' is disabled.
2023-09-06 15:27:07 0 [Note] InnoDB: Buffer pool(s) load completed at 230906 15:27:07
2023-09-06 15:27:07 0 [Note] Server socket created on IP: '::'.
2023-09-06 15:27:07 0 [Note] Reading of all Master_info entries succeeded
2023-09-06 15:27:07 0 [Note] Added new Master_info '' to hash table
2023-09-06 15:27:07 0 [Note] C:\xampp_new\mysql\bin\mysqld.exe: ready for connections.
Version: '10.4.28-MariaDB'  socket: ''  port: 3306  mariadb.org binary distribution
2023-09-09 17:19:20 0 [Note] C:\xampp_new\mysql\bin\mysqld.exe (initiated by: unknown): Normal shutdown
2023-09-09 17:19:20 0 [Note] Event Scheduler: Purging the queue. 0 events
2023-09-09 17:19:21 0 [Note] InnoDB: FTS optimize thread exiting.
2023-09-09 17:19:21 0 [Note] InnoDB: Starting shutdown...
2023-09-09 17:19:21 0 [Note] InnoDB: Dumping buffer pool(s) to C:\xampp_new\mysql\data\ib_buffer_pool
2023-09-09 17:19:21 0 [Note] InnoDB: Instance 0, restricted to 250 pages due to innodb_buf_pool_dump_pct=25
2023-09-09 17:19:21 0 [Note] InnoDB: Buffer pool(s) dump completed at 230909 17:19:21
2023-09-09 17:19:22 0 [Note] InnoDB: Removed temporary tablespace data file: "ibtmp1"
2023-09-09 17:19:22 0 [Note] InnoDB: Shutdown completed; log sequence number 1513857; transaction id 6280
2023-09-09 17:19:23 0 [Note] C:\xampp_new\mysql\bin\mysqld.exe: Shutdown complete

2023-09-09 17:20:40 0 [Note] Starting MariaDB 10.4.28-MariaDB source revision c8f2e9a5c0ac5905f28b050b7df5a9ffd914b7e7 as process 3372
2023-09-09 17:20:40 0 [Note] InnoDB: Mutexes and rw_locks use Windows interlocked functions
2023-09-09 17:20:40 0 [Note] InnoDB: Uses event mutexes
2023-09-09 17:20:40 0 [Note] InnoDB: Compressed tables use zlib 1.2.12
2023-09-09 17:20:41 0 [Note] InnoDB: Number of pools: 1
2023-09-09 17:20:41 0 [Note] InnoDB: Using SSE2 crc32 instructions
2023-09-09 17:20:41 0 [Note] InnoDB: Initializing buffer pool, total size = 16M, instances = 1, chunk size = 16M
2023-09-09 17:20:41 0 [Note] InnoDB: Completed initialization of buffer pool
2023-09-09 17:20:47 0 [Note] InnoDB: 128 out of 128 rollback segments are active.
2023-09-09 17:20:47 0 [Note] InnoDB: Creating shared tablespace for temporary tables
2023-09-09 17:20:47 0 [Note] InnoDB: Setting file 'C:\xampp_new\mysql\data\ibtmp1' size to 12 MB. Physically writing the file full; Please wait ...
2023-09-09 17:20:47 0 [Note] InnoDB: File 'C:\xampp_new\mysql\data\ibtmp1' size is now 12 MB.
2023-09-09 17:20:47 0 [Note] InnoDB: Waiting for purge to start
2023-09-09 17:20:47 0 [Note] InnoDB: Waiting for purge to start
2023-09-09 17:20:47 0 [Note] InnoDB: 10.4.28 started; log sequence number 1513857; transaction id 6281
2023-09-09 17:20:47 0 [Note] Plugin 'FEEDBACK' is disabled.
2023-09-09 17:20:47 0 [Note] InnoDB: Loading buffer pool(s) from C:\xampp_new\mysql\data\ib_buffer_pool
2023-09-09 17:20:47 0 [Note] InnoDB: Buffer pool(s) load completed at 230909 17:20:47
2023-09-09 17:20:48 0 [Note] Server socket created on IP: '::'.
2023-09-09 17:20:48 0 [Note] Reading of all Master_info entries succeeded
2023-09-09 17:20:48 0 [Note] Added new Master_info '' to hash table
2023-09-09 17:20:48 0 [Note] C:\xampp_new\mysql\bin\mysqld.exe: ready for connections.
Version: '10.4.28-MariaDB'  socket: ''  port: 3306  mariadb.org binary distribution
2023-09-12 22:41:48 5246 [Warning] Aborted connection 5246 to db: 'nautazap' user: 'root' host: 'localhost' (Got an error reading communication packets)
2023-09-12 22:41:48 5251 [Warning] Aborted connection 5251 to db: 'nautazap' user: 'root' host: 'localhost' (Got an error reading communication packets)
2023-09-12 22:41:48 5248 [Warning] Aborted connection 5248 to db: 'nautazap' user: 'root' host: 'localhost' (Got an error reading communication packets)
2023-09-12 22:41:48 5249 [Warning] Aborted connection 5249 to db: 'nautazap' user: 'root' host: 'localhost' (Got an error reading communication packets)
2023-09-12 22:41:48 5250 [Warning] Aborted connection 5250 to db: 'nautazap' user: 'root' host: 'localhost' (Got an error reading communication packets)
2023-09-12 22:41:48 5252 [Warning] Aborted connection 5252 to db: 'nautazap' user: 'root' host: 'localhost' (Got an error reading communication packets)
2023-09-12 22:41:48 5247 [Warning] Aborted connection 5247 to db: 'nautazap' user: 'root' host: 'localhost' (Got an error reading communication packets)
2023-09-12 22:41:48 5253 [Warning] Aborted connection 5253 to db: 'nautazap' user: 'root' host: 'localhost' (Got an error reading communication packets)
2023-09-12 22:41:48 5254 [Warning] Aborted connection 5254 to db: 'nautazap' user: 'root' host: 'localhost' (Got an error reading communication packets)
2023-09-12 22:41:48 5255 [Warning] Aborted connection 5255 to db: 'nautazap' user: 'root' host: 'localhost' (Got an error reading communication packets)
2023-09-12 22:47:54 5258 [Warning] Aborted connection 5258 to db: 'nautazap' user: 'root' host: 'localhost' (Got an error reading communication packets)
2023-09-12 22:47:54 5262 [Warning] Aborted connection 5262 to db: 'nautazap' user: 'root' host: 'localhost' (Got an error reading communication packets)
2023-09-12 22:47:54 5261 [Warning] Aborted connection 5261 to db: 'nautazap' user: 'root' host: 'localhost' (Got an error reading communication packets)
2023-09-12 22:47:54 5260 [Warning] Aborted connection 5260 to db: 'nautazap' user: 'root' host: 'localhost' (Got an error reading communication packets)
2023-09-12 22:47:54 5259 [Warning] Aborted connection 5259 to db: 'nautazap' user: 'root' host: 'localhost' (Got an error reading communication packets)
2023-09-12 22:48:11 0 [Note] C:\xampp_new\mysql\bin\mysqld.exe (initiated by: unknown): Normal shutdown
2023-09-12 22:48:11 0 [Note] Event Scheduler: Purging the queue. 0 events
2023-09-12 22:48:11 0 [Note] InnoDB: FTS optimize thread exiting.
2023-09-12 22:48:11 0 [Note] InnoDB: Starting shutdown...
2023-09-12 22:48:11 0 [Note] InnoDB: Dumping buffer pool(s) to C:\xampp_new\mysql\data\ib_buffer_pool
2023-09-12 22:48:11 0 [Note] InnoDB: Instance 0, restricted to 250 pages due to innodb_buf_pool_dump_pct=25
2023-09-12 22:48:11 0 [Note] InnoDB: Buffer pool(s) dump completed at 230912 22:48:11
2023-09-12 22:48:12 0 [Note] InnoDB: Removed temporary tablespace data file: "ibtmp1"
2023-09-12 22:48:12 0 [Note] InnoDB: Shutdown completed; log sequence number 2110175; transaction id 8483
2023-09-12 22:48:12 0 [Note] C:\xampp_new\mysql\bin\mysqld.exe: Shutdown complete

2023-09-12 22:48:16 0 [Note] Starting MariaDB 10.4.28-MariaDB source revision c8f2e9a5c0ac5905f28b050b7df5a9ffd914b7e7 as process 5580
2023-09-12 22:48:16 0 [Note] InnoDB: Mutexes and rw_locks use Windows interlocked functions
2023-09-12 22:48:16 0 [Note] InnoDB: Uses event mutexes
2023-09-12 22:48:16 0 [Note] InnoDB: Compressed tables use zlib 1.2.12
2023-09-12 22:48:16 0 [Note] InnoDB: Number of pools: 1
2023-09-12 22:48:16 0 [Note] InnoDB: Using SSE2 crc32 instructions
2023-09-12 22:48:16 0 [Note] InnoDB: Initializing buffer pool, total size = 16M, instances = 1, chunk size = 16M
2023-09-12 22:48:16 0 [Note] InnoDB: Completed initialization of buffer pool
2023-09-12 22:48:17 0 [Note] InnoDB: 128 out of 128 rollback segments are active.
2023-09-12 22:48:17 0 [Note] InnoDB: Creating shared tablespace for temporary tables
2023-09-12 22:48:17 0 [Note] InnoDB: Setting file 'C:\xampp_new\mysql\data\ibtmp1' size to 12 MB. Physically writing the file full; Please wait ...
2023-09-12 22:48:17 0 [Note] InnoDB: File 'C:\xampp_new\mysql\data\ibtmp1' size is now 12 MB.
2023-09-12 22:48:17 0 [Note] InnoDB: 10.4.28 started; log sequence number 2110175; transaction id 8484
2023-09-12 22:48:17 0 [Note] Plugin 'FEEDBACK' is disabled.
2023-09-12 22:48:17 0 [Note] InnoDB: Loading buffer pool(s) from C:\xampp_new\mysql\data\ib_buffer_pool
2023-09-12 22:48:17 0 [Note] Server socket created on IP: '::'.
2023-09-12 22:48:17 0 [Note] InnoDB: Buffer pool(s) load completed at 230912 22:48:17
2023-09-12 22:48:17 0 [Note] Reading of all Master_info entries succeeded
2023-09-12 22:48:17 0 [Note] Added new Master_info '' to hash table
2023-09-12 22:48:17 0 [Note] C:\xampp_new\mysql\bin\mysqld.exe: ready for connections.
Version: '10.4.28-MariaDB'  socket: ''  port: 3306  mariadb.org binary distribution
2023-10-11 15:17:27 0 [Note] Starting MariaDB 10.4.28-MariaDB source revision c8f2e9a5c0ac5905f28b050b7df5a9ffd914b7e7 as process 2060
2023-10-11 15:17:28 0 [Note] InnoDB: Mutexes and rw_locks use Windows interlocked functions
2023-10-11 15:17:28 0 [Note] InnoDB: Uses event mutexes
2023-10-11 15:17:28 0 [Note] InnoDB: Compressed tables use zlib 1.2.12
2023-10-11 15:17:28 0 [Note] InnoDB: Number of pools: 1
2023-10-11 15:17:28 0 [Note] InnoDB: Using SSE2 crc32 instructions
2023-10-11 15:17:28 0 [Note] InnoDB: Initializing buffer pool, total size = 16M, instances = 1, chunk size = 16M
2023-10-11 15:17:28 0 [Note] InnoDB: Completed initialization of buffer pool
2023-10-11 15:17:29 0 [Note] InnoDB: Starting crash recovery from checkpoint LSN=2672997
2023-10-11 15:17:39 0 [Note] InnoDB: 128 out of 128 rollback segments are active.
2023-10-11 15:17:39 0 [Note] InnoDB: Removed temporary tablespace data file: "ibtmp1"
2023-10-11 15:17:39 0 [Note] InnoDB: Creating shared tablespace for temporary tables
2023-10-11 15:17:39 0 [Note] InnoDB: Setting file 'C:\xampp_new\mysql\data\ibtmp1' size to 12 MB. Physically writing the file full; Please wait ...
2023-10-11 15:17:39 0 [Note] InnoDB: File 'C:\xampp_new\mysql\data\ibtmp1' size is now 12 MB.
2023-10-11 15:17:39 0 [Note] InnoDB: Waiting for purge to start
2023-10-11 15:17:39 0 [Note] InnoDB: Waiting for purge to start
2023-10-11 15:17:39 0 [Note] InnoDB: Waiting for purge to start
2023-10-11 15:17:39 0 [Note] InnoDB: Waiting for purge to start
2023-10-11 15:17:39 0 [Note] InnoDB: Waiting for purge to start
2023-10-11 15:17:39 0 [Note] InnoDB: 10.4.28 started; log sequence number 2673006; transaction id 10975
2023-10-11 15:17:39 0 [Note] InnoDB: Loading buffer pool(s) from C:\xampp_new\mysql\data\ib_buffer_pool
2023-10-11 15:17:39 0 [Note] Plugin 'FEEDBACK' is disabled.
2023-10-11 15:17:40 0 [Note] Server socket created on IP: '::'.
2023-10-11 15:17:40 0 [Note] InnoDB: Buffer pool(s) load completed at 231011 15:17:40
2023-10-11 15:17:41 0 [Note] Reading of all Master_info entries succeeded
2023-10-11 15:17:41 0 [Note] Added new Master_info '' to hash table
2023-10-11 15:17:41 0 [Note] C:\xampp_new\mysql\bin\mysqld.exe: ready for connections.
Version: '10.4.28-MariaDB'  socket: ''  port: 3306  mariadb.org binary distribution
2023-10-11 16:08:55 0 [Note] Starting MariaDB 10.4.28-MariaDB source revision c8f2e9a5c0ac5905f28b050b7df5a9ffd914b7e7 as process 3292
2023-10-11 16:08:55 0 [Note] InnoDB: Mutexes and rw_locks use Windows interlocked functions
2023-10-11 16:08:55 0 [Note] InnoDB: Uses event mutexes
2023-10-11 16:08:55 0 [Note] InnoDB: Compressed tables use zlib 1.2.12
2023-10-11 16:08:56 0 [Note] InnoDB: Number of pools: 1
2023-10-11 16:08:56 0 [Note] InnoDB: Using SSE2 crc32 instructions
2023-10-11 16:08:56 0 [Note] InnoDB: Initializing buffer pool, total size = 16M, instances = 1, chunk size = 16M
2023-10-11 16:08:56 0 [Note] InnoDB: Completed initialization of buffer pool
2023-10-11 16:08:57 0 [Note] InnoDB: Starting crash recovery from checkpoint LSN=2673015
2023-10-11 16:09:04 0 [Note] InnoDB: 128 out of 128 rollback segments are active.
2023-10-11 16:09:04 0 [Note] InnoDB: Removed temporary tablespace data file: "ibtmp1"
2023-10-11 16:09:04 0 [Note] InnoDB: Creating shared tablespace for temporary tables
2023-10-11 16:09:04 0 [Note] InnoDB: Setting file 'C:\xampp_new\mysql\data\ibtmp1' size to 12 MB. Physically writing the file full; Please wait ...
2023-10-11 16:09:04 0 [Note] InnoDB: File 'C:\xampp_new\mysql\data\ibtmp1' size is now 12 MB.
2023-10-11 16:09:04 0 [Note] InnoDB: Waiting for purge to start
2023-10-11 16:09:04 0 [Note] InnoDB: Waiting for purge to start
2023-10-11 16:09:04 0 [Note] InnoDB: Waiting for purge to start
2023-10-11 16:09:04 0 [Note] InnoDB: Waiting for purge to start
2023-10-11 16:09:05 0 [Note] InnoDB: 10.4.28 started; log sequence number 2673024; transaction id 10975
2023-10-11 16:09:05 0 [Note] InnoDB: Loading buffer pool(s) from C:\xampp_new\mysql\data\ib_buffer_pool
2023-10-11 16:09:05 0 [Note] Plugin 'FEEDBACK' is disabled.
2023-10-11 16:09:05 0 [Note] Server socket created on IP: '::'.
2023-10-11 16:09:05 0 [Note] InnoDB: Buffer pool(s) load completed at 231011 16:09:05
2023-10-11 16:09:06 0 [Note] Reading of all Master_info entries succeeded
2023-10-11 16:09:06 0 [Note] Added new Master_info '' to hash table
2023-10-11 16:09:06 0 [Note] C:\xampp_new\mysql\bin\mysqld.exe: ready for connections.
Version: '10.4.28-MariaDB'  socket: ''  port: 3306  mariadb.org binary distribution
2023-10-11 16:49:40 0 [Note] Starting MariaDB 10.4.28-MariaDB source revision c8f2e9a5c0ac5905f28b050b7df5a9ffd914b7e7 as process 3368
2023-10-11 16:49:41 0 [Note] InnoDB: Mutexes and rw_locks use Windows interlocked functions
2023-10-11 16:49:41 0 [Note] InnoDB: Uses event mutexes
2023-10-11 16:49:41 0 [Note] InnoDB: Compressed tables use zlib 1.2.12
2023-10-11 16:49:41 0 [Note] InnoDB: Number of pools: 1
2023-10-11 16:49:41 0 [Note] InnoDB: Using SSE2 crc32 instructions
2023-10-11 16:49:41 0 [Note] InnoDB: Initializing buffer pool, total size = 16M, instances = 1, chunk size = 16M
2023-10-11 16:49:41 0 [Note] InnoDB: Completed initialization of buffer pool
2023-10-11 16:49:42 0 [Note] InnoDB: Starting crash recovery from checkpoint LSN=2699000
2023-10-11 16:49:50 0 [Note] InnoDB: 128 out of 128 rollback segments are active.
2023-10-11 16:49:50 0 [Note] InnoDB: Removed temporary tablespace data file: "ibtmp1"
2023-10-11 16:49:50 0 [Note] InnoDB: Creating shared tablespace for temporary tables
2023-10-11 16:49:50 0 [Note] InnoDB: Setting file 'C:\xampp_new\mysql\data\ibtmp1' size to 12 MB. Physically writing the file full; Please wait ...
2023-10-11 16:49:50 0 [Note] InnoDB: File 'C:\xampp_new\mysql\data\ibtmp1' size is now 12 MB.
2023-10-11 16:49:50 0 [Note] InnoDB: Waiting for purge to start
2023-10-11 16:49:50 0 [Note] InnoDB: Waiting for purge to start
2023-10-11 16:49:50 0 [Note] InnoDB: Waiting for purge to start
2023-10-11 16:49:50 0 [Note] InnoDB: 10.4.28 started; log sequence number 2699009; transaction id 11114
2023-10-11 16:49:50 0 [Note] Plugin 'FEEDBACK' is disabled.
2023-10-11 16:49:50 0 [Note] InnoDB: Loading buffer pool(s) from C:\xampp_new\mysql\data\ib_buffer_pool
2023-10-11 16:49:51 0 [Note] Server socket created on IP: '::'.
2023-10-11 16:49:51 0 [Note] InnoDB: Buffer pool(s) load completed at 231011 16:49:51
2023-10-11 16:49:51 0 [Note] Reading of all Master_info entries succeeded
2023-10-11 16:49:51 0 [Note] Added new Master_info '' to hash table
2023-10-11 16:49:51 0 [Note] C:\xampp_new\mysql\bin\mysqld.exe: ready for connections.
Version: '10.4.28-MariaDB'  socket: ''  port: 3306  mariadb.org binary distribution
2023-10-13 16:42:20 0 [Note] Starting MariaDB 10.4.28-MariaDB source revision c8f2e9a5c0ac5905f28b050b7df5a9ffd914b7e7 as process 3368
2023-10-13 16:42:21 0 [Note] InnoDB: Mutexes and rw_locks use Windows interlocked functions
2023-10-13 16:42:21 0 [Note] InnoDB: Uses event mutexes
2023-10-13 16:42:21 0 [Note] InnoDB: Compressed tables use zlib 1.2.12
2023-10-13 16:42:21 0 [Note] InnoDB: Number of pools: 1
2023-10-13 16:42:21 0 [Note] InnoDB: Using SSE2 crc32 instructions
2023-10-13 16:42:21 0 [Note] InnoDB: Initializing buffer pool, total size = 16M, instances = 1, chunk size = 16M
2023-10-13 16:42:21 0 [Note] InnoDB: Completed initialization of buffer pool
2023-10-13 16:42:21 0 [Note] InnoDB: Starting crash recovery from checkpoint LSN=2699018
2023-10-13 16:42:29 0 [Note] InnoDB: 128 out of 128 rollback segments are active.
2023-10-13 16:42:29 0 [Note] InnoDB: Removed temporary tablespace data file: "ibtmp1"
2023-10-13 16:42:29 0 [Note] InnoDB: Creating shared tablespace for temporary tables
2023-10-13 16:42:29 0 [Note] InnoDB: Setting file 'C:\xampp_new\mysql\data\ibtmp1' size to 12 MB. Physically writing the file full; Please wait ...
2023-10-13 16:42:29 0 [Note] InnoDB: File 'C:\xampp_new\mysql\data\ibtmp1' size is now 12 MB.
2023-10-13 16:42:29 0 [Note] InnoDB: Waiting for purge to start
2023-10-13 16:42:29 0 [Note] InnoDB: Waiting for purge to start
2023-10-13 16:42:29 0 [Note] InnoDB: Waiting for purge to start
2023-10-13 16:42:29 0 [Note] InnoDB: Waiting for purge to start
2023-10-13 16:42:29 0 [Note] InnoDB: 10.4.28 started; log sequence number 2699027; transaction id 11114
2023-10-13 16:42:29 0 [Note] InnoDB: Loading buffer pool(s) from C:\xampp_new\mysql\data\ib_buffer_pool
2023-10-13 16:42:29 0 [Note] Plugin 'FEEDBACK' is disabled.
2023-10-13 16:42:30 0 [Note] InnoDB: Buffer pool(s) load completed at 231013 16:42:30
2023-10-13 16:42:30 0 [Note] Server socket created on IP: '::'.
2023-10-13 16:42:30 0 [Note] Reading of all Master_info entries succeeded
2023-10-13 16:42:30 0 [Note] Added new Master_info '' to hash table
2023-10-13 16:42:30 0 [Note] C:\xampp_new\mysql\bin\mysqld.exe: ready for connections.
Version: '10.4.28-MariaDB'  socket: ''  port: 3306  mariadb.org binary distribution
2023-10-13 19:49:44 0 [Note] C:\xampp_new\mysql\bin\mysqld.exe (initiated by: unknown): Normal shutdown
2023-10-13 19:49:44 0 [Note] Event Scheduler: Purging the queue. 0 events
2023-10-13 19:49:44 0 [Note] InnoDB: FTS optimize thread exiting.
2023-10-13 19:49:45 0 [Note] InnoDB: Starting shutdown...
2023-10-13 19:49:45 0 [Note] InnoDB: Dumping buffer pool(s) to C:\xampp_new\mysql\data\ib_buffer_pool
2023-10-13 19:49:45 0 [Note] InnoDB: Instance 0, restricted to 250 pages due to innodb_buf_pool_dump_pct=25
2023-10-13 19:49:45 0 [Note] InnoDB: Buffer pool(s) dump completed at 231013 19:49:45
2023-10-13 19:49:46 0 [Note] InnoDB: Removed temporary tablespace data file: "ibtmp1"
2023-10-13 19:49:46 0 [Note] InnoDB: Shutdown completed; log sequence number 2699045; transaction id 11115
2023-10-13 19:49:46 0 [Note] C:\xampp_new\mysql\bin\mysqld.exe: Shutdown complete

2023-10-13 19:50:35 0 [Note] Starting MariaDB 10.4.28-MariaDB source revision c8f2e9a5c0ac5905f28b050b7df5a9ffd914b7e7 as process 3568
2023-10-13 19:50:36 0 [Note] InnoDB: Mutexes and rw_locks use Windows interlocked functions
2023-10-13 19:50:36 0 [Note] InnoDB: Uses event mutexes
2023-10-13 19:50:36 0 [Note] InnoDB: Compressed tables use zlib 1.2.12
2023-10-13 19:50:36 0 [Note] InnoDB: Number of pools: 1
2023-10-13 19:50:36 0 [Note] InnoDB: Using SSE2 crc32 instructions
2023-10-13 19:50:37 0 [Note] InnoDB: Initializing buffer pool, total size = 16M, instances = 1, chunk size = 16M
2023-10-13 19:50:37 0 [Note] InnoDB: Completed initialization of buffer pool
2023-10-13 19:50:43 0 [Note] InnoDB: 128 out of 128 rollback segments are active.
2023-10-13 19:50:43 0 [Note] InnoDB: Creating shared tablespace for temporary tables
2023-10-13 19:50:43 0 [Note] InnoDB: Setting file 'C:\xampp_new\mysql\data\ibtmp1' size to 12 MB. Physically writing the file full; Please wait ...
2023-10-13 19:50:43 0 [Note] InnoDB: File 'C:\xampp_new\mysql\data\ibtmp1' size is now 12 MB.
2023-10-13 19:50:43 0 [Note] InnoDB: Waiting for purge to start
2023-10-13 19:50:43 0 [Note] InnoDB: 10.4.28 started; log sequence number 2699045; transaction id 11114
2023-10-13 19:50:43 0 [Note] InnoDB: Loading buffer pool(s) from C:\xampp_new\mysql\data\ib_buffer_pool
2023-10-13 19:50:43 0 [Note] Plugin 'FEEDBACK' is disabled.
2023-10-13 19:50:44 0 [Note] Server socket created on IP: '::'.
2023-10-13 19:50:44 0 [Note] InnoDB: Buffer pool(s) load completed at 231013 19:50:44
2023-10-13 19:50:44 0 [Note] Reading of all Master_info entries succeeded
2023-10-13 19:50:44 0 [Note] Added new Master_info '' to hash table
2023-10-13 19:50:44 0 [Note] C:\xampp_new\mysql\bin\mysqld.exe: ready for connections.
Version: '10.4.28-MariaDB'  socket: ''  port: 3306  mariadb.org binary distribution
2023-10-13 20:43:05 0 [Note] C:\xampp_new\mysql\bin\mysqld.exe (initiated by: unknown): Normal shutdown
2023-10-13 20:43:05 0 [Note] Event Scheduler: Purging the queue. 0 events
2023-10-13 20:43:05 0 [Note] InnoDB: FTS optimize thread exiting.
2023-10-13 20:43:05 0 [Note] InnoDB: Starting shutdown...
2023-10-13 20:43:05 0 [Note] InnoDB: Dumping buffer pool(s) to C:\xampp_new\mysql\data\ib_buffer_pool
2023-10-13 20:43:05 0 [Note] InnoDB: Instance 0, restricted to 250 pages due to innodb_buf_pool_dump_pct=25
2023-10-13 20:43:05 0 [Note] InnoDB: Buffer pool(s) dump completed at 231013 20:43:05
2023-10-13 20:43:06 0 [Note] InnoDB: Removed temporary tablespace data file: "ibtmp1"
2023-10-13 20:43:06 0 [Note] InnoDB: Shutdown completed; log sequence number 2699054; transaction id 11115
2023-10-13 20:43:06 0 [Note] C:\xampp_new\mysql\bin\mysqld.exe: Shutdown complete

2023-10-13 20:44:23 0 [Note] Starting MariaDB 10.4.28-MariaDB source revision c8f2e9a5c0ac5905f28b050b7df5a9ffd914b7e7 as process 3504
2023-10-13 20:44:23 0 [Note] InnoDB: Mutexes and rw_locks use Windows interlocked functions
2023-10-13 20:44:23 0 [Note] InnoDB: Uses event mutexes
2023-10-13 20:44:23 0 [Note] InnoDB: Compressed tables use zlib 1.2.12
2023-10-13 20:44:23 0 [Note] InnoDB: Number of pools: 1
2023-10-13 20:44:23 0 [Note] InnoDB: Using SSE2 crc32 instructions
2023-10-13 20:44:23 0 [Note] InnoDB: Initializing buffer pool, total size = 16M, instances = 1, chunk size = 16M
2023-10-13 20:44:23 0 [Note] InnoDB: Completed initialization of buffer pool
2023-10-13 20:44:31 0 [Note] InnoDB: 128 out of 128 rollback segments are active.
2023-10-13 20:44:31 0 [Note] InnoDB: Creating shared tablespace for temporary tables
2023-10-13 20:44:31 0 [Note] InnoDB: Setting file 'C:\xampp_new\mysql\data\ibtmp1' size to 12 MB. Physically writing the file full; Please wait ...
2023-10-13 20:44:31 0 [Note] InnoDB: File 'C:\xampp_new\mysql\data\ibtmp1' size is now 12 MB.
2023-10-13 20:44:31 0 [Note] InnoDB: Waiting for purge to start
2023-10-13 20:44:31 0 [Note] InnoDB: Waiting for purge to start
2023-10-13 20:44:31 0 [Note] InnoDB: 10.4.28 started; log sequence number 2699054; transaction id 11114
2023-10-13 20:44:31 0 [Note] Plugin 'FEEDBACK' is disabled.
2023-10-13 20:44:32 0 [Note] InnoDB: Loading buffer pool(s) from C:\xampp_new\mysql\data\ib_buffer_pool
2023-10-13 20:44:32 0 [Note] Server socket created on IP: '::'.
2023-10-13 20:44:32 0 [Note] InnoDB: Buffer pool(s) load completed at 231013 20:44:32
2023-10-13 20:44:32 0 [Note] Reading of all Master_info entries succeeded
2023-10-13 20:44:32 0 [Note] Added new Master_info '' to hash table
2023-10-13 20:44:32 0 [Note] C:\xampp_new\mysql\bin\mysqld.exe: ready for connections.
Version: '10.4.28-MariaDB'  socket: ''  port: 3306  mariadb.org binary distribution
2023-10-16 18:18:58 0 [Note] C:\xampp_new\mysql\bin\mysqld.exe (initiated by: unknown): Normal shutdown
2023-10-16 18:18:58 0 [Note] Event Scheduler: Purging the queue. 0 events
2023-10-16 18:18:58 0 [Note] InnoDB: FTS optimize thread exiting.
2023-10-16 18:18:58 0 [Note] InnoDB: Starting shutdown...
2023-10-16 18:18:58 0 [Note] InnoDB: Dumping buffer pool(s) to C:\xampp_new\mysql\data\ib_buffer_pool
2023-10-16 18:18:58 0 [Note] InnoDB: Instance 0, restricted to 250 pages due to innodb_buf_pool_dump_pct=25
2023-10-16 18:18:58 0 [Note] InnoDB: Buffer pool(s) dump completed at 231016 18:18:58
2023-10-16 18:18:59 0 [Note] InnoDB: Removed temporary tablespace data file: "ibtmp1"
2023-10-16 18:18:59 0 [Note] InnoDB: Shutdown completed; log sequence number 2703224; transaction id 11128
2023-10-16 18:18:59 0 [Note] C:\xampp_new\mysql\bin\mysqld.exe: Shutdown complete

2023-10-16 18:20:01 0 [Note] Starting MariaDB 10.4.28-MariaDB source revision c8f2e9a5c0ac5905f28b050b7df5a9ffd914b7e7 as process 3604
2023-10-16 18:20:02 0 [Note] InnoDB: Mutexes and rw_locks use Windows interlocked functions
2023-10-16 18:20:02 0 [Note] InnoDB: Uses event mutexes
2023-10-16 18:20:02 0 [Note] InnoDB: Compressed tables use zlib 1.2.12
2023-10-16 18:20:02 0 [Note] InnoDB: Number of pools: 1
2023-10-16 18:20:02 0 [Note] InnoDB: Using SSE2 crc32 instructions
2023-10-16 18:20:02 0 [Note] InnoDB: Initializing buffer pool, total size = 16M, instances = 1, chunk size = 16M
2023-10-16 18:20:02 0 [Note] InnoDB: Completed initialization of buffer pool
2023-10-16 18:20:09 0 [Note] InnoDB: 128 out of 128 rollback segments are active.
2023-10-16 18:20:09 0 [Note] InnoDB: Creating shared tablespace for temporary tables
2023-10-16 18:20:09 0 [Note] InnoDB: Setting file 'C:\xampp_new\mysql\data\ibtmp1' size to 12 MB. Physically writing the file full; Please wait ...
2023-10-16 18:20:09 0 [Note] InnoDB: File 'C:\xampp_new\mysql\data\ibtmp1' size is now 12 MB.
2023-10-16 18:20:09 0 [Note] InnoDB: Waiting for purge to start
2023-10-16 18:20:09 0 [Note] InnoDB: 10.4.28 started; log sequence number 2703224; transaction id 11129
2023-10-16 18:20:09 0 [Note] InnoDB: Loading buffer pool(s) from C:\xampp_new\mysql\data\ib_buffer_pool
2023-10-16 18:20:09 0 [Note] Plugin 'FEEDBACK' is disabled.
2023-10-16 18:20:09 0 [Note] Server socket created on IP: '::'.
2023-10-16 18:20:10 0 [Note] Reading of all Master_info entries succeeded
2023-10-16 18:20:10 0 [Note] Added new Master_info '' to hash table
2023-10-16 18:20:10 0 [Note] C:\xampp_new\mysql\bin\mysqld.exe: ready for connections.
Version: '10.4.28-MariaDB'  socket: ''  port: 3306  mariadb.org binary distribution
2023-10-16 18:20:10 0 [Note] InnoDB: Buffer pool(s) load completed at 231016 18:20:10
2023-10-17 12:07:13 0 [Note] C:\xampp_new\mysql\bin\mysqld.exe (initiated by: unknown): Normal shutdown
2023-10-17 12:07:13 0 [Note] Event Scheduler: Purging the queue. 0 events
2023-10-17 12:07:13 0 [Note] InnoDB: FTS optimize thread exiting.
2023-10-17 12:07:13 0 [Note] InnoDB: Starting shutdown...
2023-10-17 12:07:13 0 [Note] InnoDB: Dumping buffer pool(s) to C:\xampp_new\mysql\data\ib_buffer_pool
2023-10-17 12:07:13 0 [Note] InnoDB: Instance 0, restricted to 250 pages due to innodb_buf_pool_dump_pct=25
2023-10-17 12:07:13 0 [Note] InnoDB: Buffer pool(s) dump completed at 231017 12:07:13
2023-10-17 12:07:14 0 [Note] InnoDB: Removed temporary tablespace data file: "ibtmp1"
2023-10-17 12:07:14 0 [Note] InnoDB: Shutdown completed; log sequence number 2717038; transaction id 11209
2023-10-17 12:07:14 0 [Note] C:\xampp_new\mysql\bin\mysqld.exe: Shutdown complete

2023-10-17 12:08:07 0 [Note] Starting MariaDB 10.4.28-MariaDB source revision c8f2e9a5c0ac5905f28b050b7df5a9ffd914b7e7 as process 3576
2023-10-17 12:08:07 0 [Note] InnoDB: Mutexes and rw_locks use Windows interlocked functions
2023-10-17 12:08:07 0 [Note] InnoDB: Uses event mutexes
2023-10-17 12:08:07 0 [Note] InnoDB: Compressed tables use zlib 1.2.12
2023-10-17 12:08:08 0 [Note] InnoDB: Number of pools: 1
2023-10-17 12:08:08 0 [Note] InnoDB: Using SSE2 crc32 instructions
2023-10-17 12:08:08 0 [Note] InnoDB: Initializing buffer pool, total size = 16M, instances = 1, chunk size = 16M
2023-10-17 12:08:08 0 [Note] InnoDB: Completed initialization of buffer pool
2023-10-17 12:08:14 0 [Note] InnoDB: 128 out of 128 rollback segments are active.
2023-10-17 12:08:14 0 [Note] InnoDB: Creating shared tablespace for temporary tables
2023-10-17 12:08:14 0 [Note] InnoDB: Setting file 'C:\xampp_new\mysql\data\ibtmp1' size to 12 MB. Physically writing the file full; Please wait ...
2023-10-17 12:08:14 0 [Note] InnoDB: File 'C:\xampp_new\mysql\data\ibtmp1' size is now 12 MB.
2023-10-17 12:08:14 0 [Note] InnoDB: Waiting for purge to start
2023-10-17 12:08:14 0 [Note] InnoDB: 10.4.28 started; log sequence number 2717038; transaction id 11210
2023-10-17 12:08:14 0 [Note] InnoDB: Loading buffer pool(s) from C:\xampp_new\mysql\data\ib_buffer_pool
2023-10-17 12:08:14 0 [Note] Plugin 'FEEDBACK' is disabled.
2023-10-17 12:08:14 0 [Note] Server socket created on IP: '::'.
2023-10-17 12:08:14 0 [Note] Reading of all Master_info entries succeeded
2023-10-17 12:08:14 0 [Note] Added new Master_info '' to hash table
2023-10-17 12:08:14 0 [Note] C:\xampp_new\mysql\bin\mysqld.exe: ready for connections.
Version: '10.4.28-MariaDB'  socket: ''  port: 3306  mariadb.org binary distribution
2023-10-17 12:08:14 0 [Note] InnoDB: Buffer pool(s) load completed at 231017 12:08:14
2023-11-11 10:14:29 0 [Note] Starting MariaDB 10.4.28-MariaDB source revision c8f2e9a5c0ac5905f28b050b7df5a9ffd914b7e7 as process 3348
2023-11-11 10:14:29 0 [Note] InnoDB: Mutexes and rw_locks use Windows interlocked functions
2023-11-11 10:14:29 0 [Note] InnoDB: Uses event mutexes
2023-11-11 10:14:29 0 [Note] InnoDB: Compressed tables use zlib 1.2.12
2023-11-11 10:14:30 0 [Note] InnoDB: Number of pools: 1
2023-11-11 10:14:30 0 [Note] InnoDB: Using SSE2 crc32 instructions
2023-11-11 10:14:30 0 [Note] InnoDB: Initializing buffer pool, total size = 16M, instances = 1, chunk size = 16M
2023-11-11 10:14:30 0 [Note] InnoDB: Completed initialization of buffer pool
2023-11-11 10:14:31 0 [Note] InnoDB: Starting crash recovery from checkpoint LSN=3230396
2023-11-11 10:14:41 0 [Note] InnoDB: 128 out of 128 rollback segments are active.
2023-11-11 10:14:41 0 [Note] InnoDB: Removed temporary tablespace data file: "ibtmp1"
2023-11-11 10:14:41 0 [Note] InnoDB: Creating shared tablespace for temporary tables
2023-11-11 10:14:41 0 [Note] InnoDB: Setting file 'C:\xampp_new\mysql\data\ibtmp1' size to 12 MB. Physically writing the file full; Please wait ...
2023-11-11 10:14:41 0 [Note] InnoDB: File 'C:\xampp_new\mysql\data\ibtmp1' size is now 12 MB.
2023-11-11 10:14:41 0 [Note] InnoDB: Waiting for purge to start
2023-11-11 10:14:42 0 [Note] InnoDB: 10.4.28 started; log sequence number 3230405; transaction id 13422
2023-11-11 10:14:42 0 [Note] InnoDB: Loading buffer pool(s) from C:\xampp_new\mysql\data\ib_buffer_pool
2023-11-11 10:14:42 0 [Note] Plugin 'FEEDBACK' is disabled.
2023-11-11 10:14:43 0 [Note] Server socket created on IP: '::'.
2023-11-11 10:14:44 0 [Note] InnoDB: Buffer pool(s) load completed at 231111 10:14:44
2023-11-11 10:14:46 0 [Note] Reading of all Master_info entries succeeded
2023-11-11 10:14:46 0 [Note] Added new Master_info '' to hash table
2023-11-11 10:14:46 0 [Note] C:\xampp_new\mysql\bin\mysqld.exe: ready for connections.
Version: '10.4.28-MariaDB'  socket: ''  port: 3306  mariadb.org binary distribution
2024-01-30 11:41:10 0 [Note] C:\xampp_new\mysql\bin\mysqld.exe (initiated by: unknown): Normal shutdown
2024-01-30 11:41:10 0 [Note] Event Scheduler: Purging the queue. 0 events
2024-01-30 11:41:13 0 [Note] InnoDB: FTS optimize thread exiting.
2024-01-30 11:41:13 0 [Note] InnoDB: Starting shutdown...
2024-01-30 11:41:17 0 [Note] InnoDB: Dumping buffer pool(s) to C:\xampp_new\mysql\data\ib_buffer_pool
2024-01-30 11:41:17 0 [Note] InnoDB: Instance 0, restricted to 250 pages due to innodb_buf_pool_dump_pct=25
2024-01-30 11:41:17 0 [Note] InnoDB: Buffer pool(s) dump completed at 240130 11:41:17
2024-01-30 11:41:18 0 [Note] InnoDB: Removed temporary tablespace data file: "ibtmp1"
2024-01-30 11:41:18 0 [Note] InnoDB: Shutdown completed; log sequence number 4771365; transaction id 20114
2024-01-30 11:41:18 0 [Note] C:\xampp_new\mysql\bin\mysqld.exe: Shutdown complete

2024-01-30 11:44:03 0 [Note] Starting MariaDB 10.4.28-MariaDB source revision c8f2e9a5c0ac5905f28b050b7df5a9ffd914b7e7 as process 3780
2024-01-30 11:44:04 0 [Note] InnoDB: Mutexes and rw_locks use Windows interlocked functions
2024-01-30 11:44:04 0 [Note] InnoDB: Uses event mutexes
2024-01-30 11:44:04 0 [Note] InnoDB: Compressed tables use zlib 1.2.12
2024-01-30 11:44:04 0 [Note] InnoDB: Number of pools: 1
2024-01-30 11:44:04 0 [Note] InnoDB: Using SSE2 crc32 instructions
2024-01-30 11:44:05 0 [Note] InnoDB: Initializing buffer pool, total size = 16M, instances = 1, chunk size = 16M
2024-01-30 11:44:05 0 [Note] InnoDB: Completed initialization of buffer pool
2024-01-30 11:44:11 0 [Note] InnoDB: 128 out of 128 rollback segments are active.
2024-01-30 11:44:11 0 [Note] InnoDB: Creating shared tablespace for temporary tables
2024-01-30 11:44:11 0 [Note] InnoDB: Setting file 'C:\xampp_new\mysql\data\ibtmp1' size to 12 MB. Physically writing the file full; Please wait ...
2024-01-30 11:44:11 0 [Note] InnoDB: File 'C:\xampp_new\mysql\data\ibtmp1' size is now 12 MB.
2024-01-30 11:44:11 0 [Note] InnoDB: Waiting for purge to start
2024-01-30 11:44:12 0 [Note] InnoDB: Waiting for purge to start
2024-01-30 11:44:12 0 [Note] InnoDB: Waiting for purge to start
2024-01-30 11:44:12 0 [Note] InnoDB: Waiting for purge to start
2024-01-30 11:44:12 0 [Note] InnoDB: 10.4.28 started; log sequence number 4771365; transaction id 20115
2024-01-30 11:44:12 0 [Note] InnoDB: Loading buffer pool(s) from C:\xampp_new\mysql\data\ib_buffer_pool
2024-01-30 11:44:12 0 [Note] Plugin 'FEEDBACK' is disabled.
2024-01-30 11:44:12 0 [Note] Server socket created on IP: '::'.
2024-01-30 11:44:14 0 [Note] Reading of all Master_info entries succeeded
2024-01-30 11:44:14 0 [Note] Added new Master_info '' to hash table
2024-01-30 11:44:14 0 [Note] C:\xampp_new\mysql\bin\mysqld.exe: ready for connections.
Version: '10.4.28-MariaDB'  socket: ''  port: 3306  mariadb.org binary distribution
2024-01-30 11:44:14 0 [Note] InnoDB: Buffer pool(s) load completed at 240130 11:44:14
2024-02-12 13:29:35 27086 [Warning] Aborted connection 27086 to db: 'nautazap' user: 'root' host: 'localhost' (Got an error reading communication packets)
2024-02-12 13:29:37 27085 [Warning] Aborted connection 27085 to db: 'nautazap' user: 'root' host: 'localhost' (Got an error reading communication packets)
2024-02-15  9:22:52 0 [Note] Starting MariaDB 10.4.28-MariaDB source revision c8f2e9a5c0ac5905f28b050b7df5a9ffd914b7e7 as process 3388
2024-02-15  9:22:53 0 [Note] InnoDB: Mutexes and rw_locks use Windows interlocked functions
2024-02-15  9:22:53 0 [Note] InnoDB: Uses event mutexes
2024-02-15  9:22:53 0 [Note] InnoDB: Compressed tables use zlib 1.2.12
2024-02-15  9:22:53 0 [Note] InnoDB: Number of pools: 1
2024-02-15  9:22:53 0 [Note] InnoDB: Using SSE2 crc32 instructions
2024-02-15  9:22:54 0 [Note] InnoDB: Initializing buffer pool, total size = 16M, instances = 1, chunk size = 16M
2024-02-15  9:22:54 0 [Note] InnoDB: Completed initialization of buffer pool
2024-02-15  9:22:54 0 [Note] InnoDB: Starting crash recovery from checkpoint LSN=5833470
2024-02-15  9:23:09 0 [Note] InnoDB: 128 out of 128 rollback segments are active.
2024-02-15  9:23:09 0 [Note] InnoDB: Removed temporary tablespace data file: "ibtmp1"
2024-02-15  9:23:09 0 [Note] InnoDB: Creating shared tablespace for temporary tables
2024-02-15  9:23:09 0 [Note] InnoDB: Setting file 'C:\xampp_new\mysql\data\ibtmp1' size to 12 MB. Physically writing the file full; Please wait ...
2024-02-15  9:23:09 0 [Note] InnoDB: File 'C:\xampp_new\mysql\data\ibtmp1' size is now 12 MB.
2024-02-15  9:23:09 0 [Note] InnoDB: Waiting for purge to start
2024-02-15  9:23:09 0 [Note] InnoDB: Waiting for purge to start
2024-02-15  9:23:09 0 [Note] InnoDB: 10.4.28 started; log sequence number 5833479; transaction id 23773
2024-02-15  9:23:09 0 [Note] InnoDB: Loading buffer pool(s) from C:\xampp_new\mysql\data\ib_buffer_pool
2024-02-15  9:23:09 0 [Note] Plugin 'FEEDBACK' is disabled.
2024-02-15  9:23:10 0 [Note] Server socket created on IP: '::'.
2024-02-15  9:23:13 0 [Note] Reading of all Master_info entries succeeded
2024-02-15  9:23:13 0 [Note] Added new Master_info '' to hash table
2024-02-15  9:23:13 0 [Note] C:\xampp_new\mysql\bin\mysqld.exe: ready for connections.
Version: '10.4.28-MariaDB'  socket: ''  port: 3306  mariadb.org binary distribution
2024-02-15  9:23:13 0 [Note] InnoDB: Buffer pool(s) load completed at 240215  9:23:13
2024-02-15  9:41:07 0 [Note] Starting MariaDB 10.4.28-MariaDB source revision c8f2e9a5c0ac5905f28b050b7df5a9ffd914b7e7 as process 3508
2024-02-15  9:41:08 0 [Note] InnoDB: Mutexes and rw_locks use Windows interlocked functions
2024-02-15  9:41:08 0 [Note] InnoDB: Uses event mutexes
2024-02-15  9:41:08 0 [Note] InnoDB: Compressed tables use zlib 1.2.12
2024-02-15  9:41:08 0 [Note] InnoDB: Number of pools: 1
2024-02-15  9:41:08 0 [Note] InnoDB: Using SSE2 crc32 instructions
2024-02-15  9:41:08 0 [Note] InnoDB: Initializing buffer pool, total size = 16M, instances = 1, chunk size = 16M
2024-02-15  9:41:08 0 [Note] InnoDB: Completed initialization of buffer pool
2024-02-15  9:41:09 0 [Note] InnoDB: Starting crash recovery from checkpoint LSN=5833488
2024-02-15  9:41:16 0 [Note] InnoDB: 128 out of 128 rollback segments are active.
2024-02-15  9:41:16 0 [Note] InnoDB: Removed temporary tablespace data file: "ibtmp1"
2024-02-15  9:41:16 0 [Note] InnoDB: Creating shared tablespace for temporary tables
2024-02-15  9:41:16 0 [Note] InnoDB: Setting file 'C:\xampp_new\mysql\data\ibtmp1' size to 12 MB. Physically writing the file full; Please wait ...
2024-02-15  9:41:16 0 [Note] InnoDB: File 'C:\xampp_new\mysql\data\ibtmp1' size is now 12 MB.
2024-02-15  9:41:16 0 [Note] InnoDB: Waiting for purge to start
2024-02-15  9:41:16 0 [Note] InnoDB: Waiting for purge to start
2024-02-15  9:41:16 0 [Note] InnoDB: 10.4.28 started; log sequence number 5833497; transaction id 23773
2024-02-15  9:41:16 0 [Note] InnoDB: Loading buffer pool(s) from C:\xampp_new\mysql\data\ib_buffer_pool
2024-02-15  9:41:17 0 [Note] Plugin 'FEEDBACK' is disabled.
2024-02-15  9:41:18 0 [Note] Server socket created on IP: '::'.
2024-02-15  9:41:19 0 [Note] Reading of all Master_info entries succeeded
2024-02-15  9:41:19 0 [Note] Added new Master_info '' to hash table
2024-02-15  9:41:19 0 [Note] C:\xampp_new\mysql\bin\mysqld.exe: ready for connections.
Version: '10.4.28-MariaDB'  socket: ''  port: 3306  mariadb.org binary distribution
2024-02-15  9:41:20 0 [Note] InnoDB: Buffer pool(s) load completed at 240215  9:41:20
2024-02-15  9:49:52 0 [Note] C:\xampp_new\mysql\bin\mysqld.exe (initiated by: unknown): Normal shutdown
2024-02-15  9:49:52 0 [Note] Event Scheduler: Purging the queue. 0 events
2024-02-15  9:49:52 0 [Note] InnoDB: FTS optimize thread exiting.
2024-02-15  9:49:53 0 [Note] InnoDB: Starting shutdown...
2024-02-15  9:49:53 0 [Note] InnoDB: Dumping buffer pool(s) to C:\xampp_new\mysql\data\ib_buffer_pool
2024-02-15  9:49:53 0 [Note] InnoDB: Instance 0, restricted to 250 pages due to innodb_buf_pool_dump_pct=25
2024-02-15  9:49:53 0 [Note] InnoDB: Buffer pool(s) dump completed at 240215  9:49:53
2024-02-15  9:49:53 0 [Note] InnoDB: Removed temporary tablespace data file: "ibtmp1"
2024-02-15  9:49:53 0 [Note] InnoDB: Shutdown completed; log sequence number 5833515; transaction id 23774
2024-02-15  9:49:53 0 [Note] C:\xampp_new\mysql\bin\mysqld.exe: Shutdown complete

2024-02-15  9:50:47 0 [Note] Starting MariaDB 10.4.28-MariaDB source revision c8f2e9a5c0ac5905f28b050b7df5a9ffd914b7e7 as process 3740
2024-02-15  9:50:47 0 [Note] InnoDB: Mutexes and rw_locks use Windows interlocked functions
2024-02-15  9:50:47 0 [Note] InnoDB: Uses event mutexes
2024-02-15  9:50:47 0 [Note] InnoDB: Compressed tables use zlib 1.2.12
2024-02-15  9:50:48 0 [Note] InnoDB: Number of pools: 1
2024-02-15  9:50:48 0 [Note] InnoDB: Using SSE2 crc32 instructions
2024-02-15  9:50:48 0 [Note] InnoDB: Initializing buffer pool, total size = 16M, instances = 1, chunk size = 16M
2024-02-15  9:50:48 0 [Note] InnoDB: Completed initialization of buffer pool
2024-02-15  9:50:56 0 [Note] InnoDB: 128 out of 128 rollback segments are active.
2024-02-15  9:50:56 0 [Note] InnoDB: Creating shared tablespace for temporary tables
2024-02-15  9:50:56 0 [Note] InnoDB: Setting file 'C:\xampp_new\mysql\data\ibtmp1' size to 12 MB. Physically writing the file full; Please wait ...
2024-02-15  9:50:56 0 [Note] InnoDB: File 'C:\xampp_new\mysql\data\ibtmp1' size is now 12 MB.
2024-02-15  9:50:56 0 [Note] InnoDB: Waiting for purge to start
2024-02-15  9:50:56 0 [Note] InnoDB: Waiting for purge to start
2024-02-15  9:50:56 0 [Note] InnoDB: Waiting for purge to start
2024-02-15  9:50:56 0 [Note] InnoDB: Waiting for purge to start
2024-02-15  9:50:56 0 [Note] InnoDB: 10.4.28 started; log sequence number 5833515; transaction id 23773
2024-02-15  9:50:56 0 [Note] InnoDB: Loading buffer pool(s) from C:\xampp_new\mysql\data\ib_buffer_pool
2024-02-15  9:50:56 0 [Note] Plugin 'FEEDBACK' is disabled.
2024-02-15  9:50:56 0 [Note] Server socket created on IP: '::'.
2024-02-15  9:50:57 0 [Note] Reading of all Master_info entries succeeded
2024-02-15  9:50:57 0 [Note] Added new Master_info '' to hash table
2024-02-15  9:50:57 0 [Note] C:\xampp_new\mysql\bin\mysqld.exe: ready for connections.
Version: '10.4.28-MariaDB'  socket: ''  port: 3306  mariadb.org binary distribution
2024-02-15  9:50:58 0 [Note] InnoDB: Buffer pool(s) load completed at 240215  9:50:58
2024-02-15 11:53:10 0 [Note] C:\xampp_new\mysql\bin\mysqld.exe (initiated by: unknown): Normal shutdown
2024-02-15 11:53:10 0 [Note] Event Scheduler: Purging the queue. 0 events
2024-02-15 11:53:10 0 [Note] InnoDB: FTS optimize thread exiting.
2024-02-15 11:53:10 0 [Note] InnoDB: Starting shutdown...
2024-02-15 11:53:10 0 [Note] InnoDB: Dumping buffer pool(s) to C:\xampp_new\mysql\data\ib_buffer_pool
2024-02-15 11:53:10 0 [Note] InnoDB: Instance 0, restricted to 250 pages due to innodb_buf_pool_dump_pct=25
2024-02-15 11:53:10 0 [Note] InnoDB: Buffer pool(s) dump completed at 240215 11:53:10
2024-02-15 11:53:11 0 [Note] InnoDB: Removed temporary tablespace data file: "ibtmp1"
2024-02-15 11:53:11 0 [Note] InnoDB: Shutdown completed; log sequence number 5833524; transaction id 23775
2024-02-15 11:53:11 0 [Note] C:\xampp_new\mysql\bin\mysqld.exe: Shutdown complete

2024-02-15 11:54:07 0 [Note] Starting MariaDB 10.4.28-MariaDB source revision c8f2e9a5c0ac5905f28b050b7df5a9ffd914b7e7 as process 3456
2024-02-15 11:54:07 0 [Note] InnoDB: Mutexes and rw_locks use Windows interlocked functions
2024-02-15 11:54:07 0 [Note] InnoDB: Uses event mutexes
2024-02-15 11:54:07 0 [Note] InnoDB: Compressed tables use zlib 1.2.12
2024-02-15 11:54:08 0 [Note] InnoDB: Number of pools: 1
2024-02-15 11:54:08 0 [Note] InnoDB: Using SSE2 crc32 instructions
2024-02-15 11:54:08 0 [Note] InnoDB: Initializing buffer pool, total size = 16M, instances = 1, chunk size = 16M
2024-02-15 11:54:08 0 [Note] InnoDB: Completed initialization of buffer pool
2024-02-15 11:54:18 0 [Note] InnoDB: 128 out of 128 rollback segments are active.
2024-02-15 11:54:18 0 [Note] InnoDB: Creating shared tablespace for temporary tables
2024-02-15 11:54:18 0 [Note] InnoDB: Setting file 'C:\xampp_new\mysql\data\ibtmp1' size to 12 MB. Physically writing the file full; Please wait ...
2024-02-15 11:54:18 0 [Note] InnoDB: File 'C:\xampp_new\mysql\data\ibtmp1' size is now 12 MB.
2024-02-15 11:54:18 0 [Note] InnoDB: Waiting for purge to start
2024-02-15 11:54:18 0 [Note] InnoDB: Waiting for purge to start
2024-02-15 11:54:18 0 [Note] InnoDB: Waiting for purge to start
2024-02-15 11:54:18 0 [Note] InnoDB: Waiting for purge to start
2024-02-15 11:54:18 0 [Note] InnoDB: 10.4.28 started; log sequence number 5833524; transaction id 23773
2024-02-15 11:54:18 0 [Note] InnoDB: Loading buffer pool(s) from C:\xampp_new\mysql\data\ib_buffer_pool
2024-02-15 11:54:18 0 [Note] Plugin 'FEEDBACK' is disabled.
2024-02-15 11:54:19 0 [Note] Server socket created on IP: '::'.
2024-02-15 11:54:20 0 [Note] Reading of all Master_info entries succeeded
2024-02-15 11:54:20 0 [Note] Added new Master_info '' to hash table
2024-02-15 11:54:20 0 [Note] C:\xampp_new\mysql\bin\mysqld.exe: ready for connections.
Version: '10.4.28-MariaDB'  socket: ''  port: 3306  mariadb.org binary distribution
2024-02-15 11:54:21 0 [Note] InnoDB: Buffer pool(s) load completed at 240215 11:54:21
2024-04-23 10:01:40 151047 [Warning] Aborted connection 151047 to db: 'nautazap' user: 'root' host: 'localhost' (Got an error reading communication packets)
2024-05-23 10:42:00 0 [Note] Starting MariaDB 10.4.28-MariaDB source revision c8f2e9a5c0ac5905f28b050b7df5a9ffd914b7e7 as process 3408
2024-05-23 10:42:01 0 [Note] InnoDB: Mutexes and rw_locks use Windows interlocked functions
2024-05-23 10:42:01 0 [Note] InnoDB: Uses event mutexes
2024-05-23 10:42:01 0 [Note] InnoDB: Compressed tables use zlib 1.2.12
2024-05-23 10:42:01 0 [Note] InnoDB: Number of pools: 1
2024-05-23 10:42:01 0 [Note] InnoDB: Using SSE2 crc32 instructions
2024-05-23 10:42:01 0 [Note] InnoDB: Initializing buffer pool, total size = 16M, instances = 1, chunk size = 16M
2024-05-23 10:42:01 0 [Note] InnoDB: Completed initialization of buffer pool
2024-05-23 10:42:02 0 [Note] InnoDB: Starting crash recovery from checkpoint LSN=14582358
2024-05-23 10:42:09 0 [Note] InnoDB: 128 out of 128 rollback segments are active.
2024-05-23 10:42:09 0 [Note] InnoDB: Removed temporary tablespace data file: "ibtmp1"
2024-05-23 10:42:09 0 [Note] InnoDB: Creating shared tablespace for temporary tables
2024-05-23 10:42:09 0 [Note] InnoDB: Setting file 'C:\xampp_new\mysql\data\ibtmp1' size to 12 MB. Physically writing the file full; Please wait ...
2024-05-23 10:42:09 0 [Note] InnoDB: File 'C:\xampp_new\mysql\data\ibtmp1' size is now 12 MB.
2024-05-23 10:42:09 0 [Note] InnoDB: Waiting for purge to start
2024-05-23 10:42:09 0 [Note] InnoDB: Waiting for purge to start
2024-05-23 10:42:09 0 [Note] InnoDB: Waiting for purge to start
2024-05-23 10:42:09 0 [Note] InnoDB: Waiting for purge to start
2024-05-23 10:42:09 0 [Note] InnoDB: Waiting for purge to start
2024-05-23 10:42:09 0 [Note] InnoDB: 10.4.28 started; log sequence number 14582367; transaction id 50778
2024-05-23 10:42:09 0 [Note] InnoDB: Loading buffer pool(s) from C:\xampp_new\mysql\data\ib_buffer_pool
2024-05-23 10:42:09 0 [Note] Plugin 'FEEDBACK' is disabled.
2024-05-23 10:42:10 0 [Note] Server socket created on IP: '::'.
2024-05-23 10:42:12 0 [Note] Reading of all Master_info entries succeeded
2024-05-23 10:42:12 0 [Note] Added new Master_info '' to hash table
2024-05-23 10:42:27 0 [Note] C:\xampp_new\mysql\bin\mysqld.exe: ready for connections.
Version: '10.4.28-MariaDB'  socket: ''  port: 3306  mariadb.org binary distribution
2024-05-23 10:42:28 0 [Note] InnoDB: Buffer pool(s) load completed at 240523 10:42:28
